[Warning] 28-06 02:35:34 || Sensitive data logging is enabled. Log entries and exception messages may include sensitive application data; this mode should only be enabled during development.
[Warning] 28-06 02:35:34 || No store type was specified for the decimal property '"OverallRating"' on entity type '"Coach"'. This will cause values to be silently truncated if they do not fit in the default precision and scale. Explicitly specify the SQL server column type that can accommodate all the values in 'OnModelCreating' using 'HasColumnType', specify precision and scale using 'HasPrecision', or configure a value converter using 'HasConversion'.
[Information] 28-06 02:35:34 || Executed DbCommand ("2"ms) [Parameters=[""], CommandType='Text', CommandTimeout='30']"
""SELECT 1"
[Information] 28-06 02:35:34 || Executed DbCommand ("1"ms) [Parameters=[""], CommandType='Text', CommandTimeout='30']"
""SELECT OBJECT_ID(N'[__EFMigrationsHistory]');"
[Information] 28-06 02:35:34 || Executed DbCommand ("1"ms) [Parameters=[""], CommandType='Text', CommandTimeout='30']"
""SELECT [MigrationId], [ProductVersion]
FROM [__EFMigrationsHistory]
ORDER BY [MigrationId];"
[Information] 28-06 02:35:34 || Executed DbCommand ("8"ms) [Parameters=[""], CommandType='Text', CommandTimeout='30']"
""SELECT 1"
[Information] 28-06 02:35:34 || Executed DbCommand ("6"ms) [Parameters=[""], CommandType='Text', CommandTimeout='30']"
""SELECT CASE
    WHEN EXISTS (
        SELECT 1
        FROM [AspNetRoles] AS [a]) THEN CAST(1 AS bit)
    ELSE CAST(0 AS bit)
END"
[Information] 28-06 02:35:34 || Executed DbCommand ("2"ms) [Parameters=[""], CommandType='Text', CommandTimeout='30']"
""SELECT CASE
    WHEN EXISTS (
        SELECT 1
        FROM [AspNetUsers] AS [a]) THEN CAST(1 AS bit)
    ELSE CAST(0 AS bit)
END"
[Information] 28-06 02:35:34 || Executed DbCommand ("2"ms) [Parameters=[""], CommandType='Text', CommandTimeout='30']"
""SELECT CASE
    WHEN EXISTS (
        SELECT 1
        FROM [Features] AS [f]) THEN CAST(1 AS bit)
    ELSE CAST(0 AS bit)
END"
[Information] 28-06 02:35:34 || Start installing Hangfire SQL objects...
[Information] 28-06 02:35:34 || Hangfire SQL objects installed.
[Information] 28-06 02:35:34 || Starting Hangfire Server using job storage: 'SQL Server: .@AthleteHubDb'
[Information] 28-06 02:35:34 || Using the following options for SQL Server job storage: Queue poll interval: 08:00:00.
[Information] 28-06 02:35:34 || Using the following options for Hangfire Server:
    Worker count: 20
    Listening queues: 'default'
    Shutdown timeout: 00:00:15
    Schedule polling interval: 00:00:15
[Information] 28-06 02:35:34 || Server shika:20920:7ecce061 successfully announced in 12.2655 ms
[Information] 28-06 02:35:34 || Server shika:20920:7ecce061 is starting the registered dispatchers: ServerWatchdog, ServerJobCancellationWatcher, ExpirationManager, CountersAggregator, SqlServerHeartbeatProcess, Worker, DelayedJobScheduler, RecurringJobScheduler...
[Information] 28-06 02:35:34 || Server shika:20920:7ecce061 all the dispatchers started
[Warning] 28-06 02:36:29 || Failed to determine the https port for redirect.
[Information] 28-06 02:36:30 || HTTP "POST" "/api/Payment/create-checkout-session" responded 200 in 1403.1451 ms
[Information] 28-06 02:38:25 || Executed DbCommand ("65"ms) [Parameters=["@__Parse_0='1', @__Parse_1='3'"], CommandType='Text', CommandTimeout='30']"
""SELECT TOP(1) [a].[AthleteId], [a].[SubscribtionId], [a].[PaymentIntentId], [a].[SubscribtionEndDate], [a].[SubscribtionStartDate]
FROM [AthleteActiveSubscribtions] AS [a]
WHERE [a].[AthleteId] = @__Parse_0 AND [a].[SubscribtionId] = @__Parse_1"
[Information] 28-06 02:38:25 || HTTP "GET" "/api/Payment/Success" responded 500 in 1318.8437 ms
System.InvalidOperationException: you cannot subscribe to the same bundle twice!!
   at AthleteHub.Infrastructure.Authorization.Services.Payment.PaymentService.Success(String sessionId) in D:\Graduation Project\AthleteHub\AthleteHub.Infrastructure\Authorization\Services\Payment\PaymentService.cs:line 99
   at AthleteHub.Api.Controllers.PaymentController.Success(String sessionId) in D:\Graduation Project\AthleteHub\AthleteHub.Api\Controllers\PaymentController.cs:line 31
   at Microsoft.AspNetCore.Mvc.Infrastructure.ActionMethodExecutor.TaskOfIActionResultExecutor.Execute(ActionContext actionContext, IActionResultTypeMapper mapper, ObjectMethodExecutor executor, Object controller, Object[] arguments)
   at Microsoft.AspNetCore.Mvc.Infrastructure.ControllerActionInvoker.<InvokeActionMethodAsync>g__Awaited|12_0(ControllerActionInvoker invoker, ValueTask`1 actionResultValueTask)
   at Microsoft.AspNetCore.Mvc.Infrastructure.ControllerActionInvoker.<InvokeNextActionFilterAsync>g__Awaited|10_0(ControllerActionInvoker invoker, Task lastTask, State next, Scope scope, Object state, Boolean isCompleted)
   at Microsoft.AspNetCore.Mvc.Infrastructure.ControllerActionInvoker.Rethrow(ActionExecutedContextSealed context)
   at Microsoft.AspNetCore.Mvc.Infrastructure.ControllerActionInvoker.Next(State& next, Scope& scope, Object& state, Boolean& isCompleted)
   at Microsoft.AspNetCore.Mvc.Infrastructure.ControllerActionInvoker.<InvokeInnerFilterAsync>g__Awaited|13_0(ControllerActionInvoker invoker, Task lastTask, State next, Scope scope, Object state, Boolean isCompleted)
   at Microsoft.AspNetCore.Mvc.Infrastructure.ResourceInvoker.<InvokeFilterPipelineAsync>g__Awaited|20_0(ResourceInvoker invoker, Task lastTask, State next, Scope scope, Object state, Boolean isCompleted)
   at Microsoft.AspNetCore.Mvc.Infrastructure.ResourceInvoker.<InvokeAsync>g__Awaited|17_0(ResourceInvoker invoker, Task task, IDisposable scope)
   at Microsoft.AspNetCore.Mvc.Infrastructure.ResourceInvoker.<InvokeAsync>g__Awaited|17_0(ResourceInvoker invoker, Task task, IDisposable scope)
   at Microsoft.AspNetCore.Authorization.AuthorizationMiddleware.Invoke(HttpContext context)
   at Microsoft.AspNetCore.Authentication.AuthenticationMiddleware.Invoke(HttpContext context)
   at Serilog.AspNetCore.RequestLoggingMiddleware.Invoke(HttpContext httpContext)
[Error] 28-06 02:38:25 || An unhandled exception has occurred while executing the request.
System.InvalidOperationException: you cannot subscribe to the same bundle twice!!
   at AthleteHub.Infrastructure.Authorization.Services.Payment.PaymentService.Success(String sessionId) in D:\Graduation Project\AthleteHub\AthleteHub.Infrastructure\Authorization\Services\Payment\PaymentService.cs:line 99
   at AthleteHub.Api.Controllers.PaymentController.Success(String sessionId) in D:\Graduation Project\AthleteHub\AthleteHub.Api\Controllers\PaymentController.cs:line 31
   at Microsoft.AspNetCore.Mvc.Infrastructure.ActionMethodExecutor.TaskOfIActionResultExecutor.Execute(ActionContext actionContext, IActionResultTypeMapper mapper, ObjectMethodExecutor executor, Object controller, Object[] arguments)
   at Microsoft.AspNetCore.Mvc.Infrastructure.ControllerActionInvoker.<InvokeActionMethodAsync>g__Awaited|12_0(ControllerActionInvoker invoker, ValueTask`1 actionResultValueTask)
   at Microsoft.AspNetCore.Mvc.Infrastructure.ControllerActionInvoker.<InvokeNextActionFilterAsync>g__Awaited|10_0(ControllerActionInvoker invoker, Task lastTask, State next, Scope scope, Object state, Boolean isCompleted)
   at Microsoft.AspNetCore.Mvc.Infrastructure.ControllerActionInvoker.Rethrow(ActionExecutedContextSealed context)
   at Microsoft.AspNetCore.Mvc.Infrastructure.ControllerActionInvoker.Next(State& next, Scope& scope, Object& state, Boolean& isCompleted)
   at Microsoft.AspNetCore.Mvc.Infrastructure.ControllerActionInvoker.<InvokeInnerFilterAsync>g__Awaited|13_0(ControllerActionInvoker invoker, Task lastTask, State next, Scope scope, Object state, Boolean isCompleted)
   at Microsoft.AspNetCore.Mvc.Infrastructure.ResourceInvoker.<InvokeFilterPipelineAsync>g__Awaited|20_0(ResourceInvoker invoker, Task lastTask, State next, Scope scope, Object state, Boolean isCompleted)
   at Microsoft.AspNetCore.Mvc.Infrastructure.ResourceInvoker.<InvokeAsync>g__Awaited|17_0(ResourceInvoker invoker, Task task, IDisposable scope)
   at Microsoft.AspNetCore.Mvc.Infrastructure.ResourceInvoker.<InvokeAsync>g__Awaited|17_0(ResourceInvoker invoker, Task task, IDisposable scope)
   at Microsoft.AspNetCore.Authorization.AuthorizationMiddleware.Invoke(HttpContext context)
   at Microsoft.AspNetCore.Authentication.AuthenticationMiddleware.Invoke(HttpContext context)
   at Serilog.AspNetCore.RequestLoggingMiddleware.Invoke(HttpContext httpContext)
   at Swashbuckle.AspNetCore.SwaggerUI.SwaggerUIMiddleware.Invoke(HttpContext httpContext)
   at Swashbuckle.AspNetCore.Swagger.SwaggerMiddleware.Invoke(HttpContext httpContext, ISwaggerProvider swaggerProvider)
   at Microsoft.AspNetCore.Diagnostics.ExceptionHandlerMiddlewareImpl.<Invoke>g__Awaited|10_0(ExceptionHandlerMiddlewareImpl middleware, HttpContext context, Task task)
[Error] 28-06 02:38:25 || you cannot subscribe to the same bundle twice!!
System.InvalidOperationException: you cannot subscribe to the same bundle twice!!
   at AthleteHub.Infrastructure.Authorization.Services.Payment.PaymentService.Success(String sessionId) in D:\Graduation Project\AthleteHub\AthleteHub.Infrastructure\Authorization\Services\Payment\PaymentService.cs:line 99
   at AthleteHub.Api.Controllers.PaymentController.Success(String sessionId) in D:\Graduation Project\AthleteHub\AthleteHub.Api\Controllers\PaymentController.cs:line 31
   at Microsoft.AspNetCore.Mvc.Infrastructure.ActionMethodExecutor.TaskOfIActionResultExecutor.Execute(ActionContext actionContext, IActionResultTypeMapper mapper, ObjectMethodExecutor executor, Object controller, Object[] arguments)
   at Microsoft.AspNetCore.Mvc.Infrastructure.ControllerActionInvoker.<InvokeActionMethodAsync>g__Awaited|12_0(ControllerActionInvoker invoker, ValueTask`1 actionResultValueTask)
   at Microsoft.AspNetCore.Mvc.Infrastructure.ControllerActionInvoker.<InvokeNextActionFilterAsync>g__Awaited|10_0(ControllerActionInvoker invoker, Task lastTask, State next, Scope scope, Object state, Boolean isCompleted)
   at Microsoft.AspNetCore.Mvc.Infrastructure.ControllerActionInvoker.Rethrow(ActionExecutedContextSealed context)
   at Microsoft.AspNetCore.Mvc.Infrastructure.ControllerActionInvoker.Next(State& next, Scope& scope, Object& state, Boolean& isCompleted)
   at Microsoft.AspNetCore.Mvc.Infrastructure.ControllerActionInvoker.<InvokeInnerFilterAsync>g__Awaited|13_0(ControllerActionInvoker invoker, Task lastTask, State next, Scope scope, Object state, Boolean isCompleted)
   at Microsoft.AspNetCore.Mvc.Infrastructure.ResourceInvoker.<InvokeFilterPipelineAsync>g__Awaited|20_0(ResourceInvoker invoker, Task lastTask, State next, Scope scope, Object state, Boolean isCompleted)
   at Microsoft.AspNetCore.Mvc.Infrastructure.ResourceInvoker.<InvokeAsync>g__Awaited|17_0(ResourceInvoker invoker, Task task, IDisposable scope)
   at Microsoft.AspNetCore.Mvc.Infrastructure.ResourceInvoker.<InvokeAsync>g__Awaited|17_0(ResourceInvoker invoker, Task task, IDisposable scope)
   at Microsoft.AspNetCore.Authorization.AuthorizationMiddleware.Invoke(HttpContext context)
   at Microsoft.AspNetCore.Authentication.AuthenticationMiddleware.Invoke(HttpContext context)
   at Serilog.AspNetCore.RequestLoggingMiddleware.Invoke(HttpContext httpContext)
   at Swashbuckle.AspNetCore.SwaggerUI.SwaggerUIMiddleware.Invoke(HttpContext httpContext)
   at Swashbuckle.AspNetCore.Swagger.SwaggerMiddleware.Invoke(HttpContext httpContext, ISwaggerProvider swaggerProvider)
   at Microsoft.AspNetCore.Diagnostics.ExceptionHandlerMiddlewareImpl.<Invoke>g__Awaited|10_0(ExceptionHandlerMiddlewareImpl middleware, HttpContext context, Task task)
[Error] 28-06 02:38:25 || HTTP "GET" "/favicon.ico" responded 404 in 38.2486 ms
[Information] 28-06 02:40:34 || 1 servers were removed due to timeout
[Information] 28-06 03:14:37 || Executed DbCommand ("13"ms) [Parameters=["@__today_0='06/28/2024' (DbType = Date)"], CommandType='Text', CommandTimeout='30']"
""SELECT [a].[AthleteId], [a].[SubscribtionId], [a].[PaymentIntentId], [a].[SubscribtionEndDate], [a].[SubscribtionStartDate], [s].[Id], [s].[CoachId], [s].[DurationInMonths], [s].[Name], [s].[price]
FROM [AthleteActiveSubscribtions] AS [a]
INNER JOIN [Subscribtions] AS [s] ON [a].[SubscribtionId] = [s].[Id]
WHERE [a].[SubscribtionEndDate] <= @__today_0"
[Warning] 28-06 03:17:10 || Sensitive data logging is enabled. Log entries and exception messages may include sensitive application data; this mode should only be enabled during development.
[Warning] 28-06 03:17:10 || No store type was specified for the decimal property '"OverallRating"' on entity type '"Coach"'. This will cause values to be silently truncated if they do not fit in the default precision and scale. Explicitly specify the SQL server column type that can accommodate all the values in 'OnModelCreating' using 'HasColumnType', specify precision and scale using 'HasPrecision', or configure a value converter using 'HasConversion'.
[Information] 28-06 03:17:10 || Executed DbCommand ("2"ms) [Parameters=[""], CommandType='Text', CommandTimeout='30']"
""SELECT 1"
[Information] 28-06 03:17:10 || Executed DbCommand ("34"ms) [Parameters=[""], CommandType='Text', CommandTimeout='30']"
""SELECT OBJECT_ID(N'[__EFMigrationsHistory]');"
[Information] 28-06 03:17:10 || Executed DbCommand ("3"ms) [Parameters=[""], CommandType='Text', CommandTimeout='30']"
""SELECT [MigrationId], [ProductVersion]
FROM [__EFMigrationsHistory]
ORDER BY [MigrationId];"
[Information] 28-06 03:17:11 || Executed DbCommand ("40"ms) [Parameters=[""], CommandType='Text', CommandTimeout='30']"
""SELECT 1"
[Information] 28-06 03:17:11 || Executed DbCommand ("36"ms) [Parameters=[""], CommandType='Text', CommandTimeout='30']"
""SELECT CASE
    WHEN EXISTS (
        SELECT 1
        FROM [AspNetRoles] AS [a]) THEN CAST(1 AS bit)
    ELSE CAST(0 AS bit)
END"
[Information] 28-06 03:17:11 || Executed DbCommand ("5"ms) [Parameters=[""], CommandType='Text', CommandTimeout='30']"
""SELECT CASE
    WHEN EXISTS (
        SELECT 1
        FROM [AspNetUsers] AS [a]) THEN CAST(1 AS bit)
    ELSE CAST(0 AS bit)
END"
[Information] 28-06 03:17:11 || Executed DbCommand ("4"ms) [Parameters=[""], CommandType='Text', CommandTimeout='30']"
""SELECT CASE
    WHEN EXISTS (
        SELECT 1
        FROM [Features] AS [f]) THEN CAST(1 AS bit)
    ELSE CAST(0 AS bit)
END"
[Information] 28-06 03:17:11 || Start installing Hangfire SQL objects...
[Information] 28-06 03:17:11 || Hangfire SQL objects installed.
[Information] 28-06 03:17:11 || Starting Hangfire Server using job storage: 'SQL Server: .@AthleteHubDb'
[Information] 28-06 03:17:11 || Using the following options for SQL Server job storage: Queue poll interval: 08:00:00.
[Information] 28-06 03:17:11 || Using the following options for Hangfire Server:
    Worker count: 20
    Listening queues: 'default'
    Shutdown timeout: 00:00:15
    Schedule polling interval: 00:00:15
[Information] 28-06 03:17:11 || Server shika:29448:c96c9d95 successfully announced in 17.5362 ms
[Information] 28-06 03:17:11 || Server shika:29448:c96c9d95 is starting the registered dispatchers: ServerWatchdog, ServerJobCancellationWatcher, ExpirationManager, CountersAggregator, SqlServerHeartbeatProcess, Worker, DelayedJobScheduler, RecurringJobScheduler...
[Information] 28-06 03:17:11 || Server shika:29448:c96c9d95 all the dispatchers started
[Information] 28-06 03:22:11 || 1 servers were removed due to timeout
[Warning] 28-06 03:32:28 || Sensitive data logging is enabled. Log entries and exception messages may include sensitive application data; this mode should only be enabled during development.
[Warning] 28-06 03:32:28 || No store type was specified for the decimal property '"OverallRating"' on entity type '"Coach"'. This will cause values to be silently truncated if they do not fit in the default precision and scale. Explicitly specify the SQL server column type that can accommodate all the values in 'OnModelCreating' using 'HasColumnType', specify precision and scale using 'HasPrecision', or configure a value converter using 'HasConversion'.
[Information] 28-06 03:32:28 || Executed DbCommand ("2"ms) [Parameters=[""], CommandType='Text', CommandTimeout='30']"
""SELECT 1"
[Information] 28-06 03:32:28 || Executed DbCommand ("21"ms) [Parameters=[""], CommandType='Text', CommandTimeout='30']"
""SELECT OBJECT_ID(N'[__EFMigrationsHistory]');"
[Information] 28-06 03:32:28 || Executed DbCommand ("3"ms) [Parameters=[""], CommandType='Text', CommandTimeout='30']"
""SELECT [MigrationId], [ProductVersion]
FROM [__EFMigrationsHistory]
ORDER BY [MigrationId];"
[Information] 28-06 03:32:28 || Executed DbCommand ("11"ms) [Parameters=[""], CommandType='Text', CommandTimeout='30']"
""SELECT 1"
[Information] 28-06 03:32:29 || Executed DbCommand ("36"ms) [Parameters=[""], CommandType='Text', CommandTimeout='30']"
""SELECT CASE
    WHEN EXISTS (
        SELECT 1
        FROM [AspNetRoles] AS [a]) THEN CAST(1 AS bit)
    ELSE CAST(0 AS bit)
END"
[Information] 28-06 03:32:29 || Executed DbCommand ("5"ms) [Parameters=[""], CommandType='Text', CommandTimeout='30']"
""SELECT CASE
    WHEN EXISTS (
        SELECT 1
        FROM [AspNetUsers] AS [a]) THEN CAST(1 AS bit)
    ELSE CAST(0 AS bit)
END"
[Information] 28-06 03:32:29 || Executed DbCommand ("5"ms) [Parameters=[""], CommandType='Text', CommandTimeout='30']"
""SELECT CASE
    WHEN EXISTS (
        SELECT 1
        FROM [Features] AS [f]) THEN CAST(1 AS bit)
    ELSE CAST(0 AS bit)
END"
[Information] 28-06 03:32:29 || Start installing Hangfire SQL objects...
[Information] 28-06 03:32:29 || Hangfire SQL objects installed.
[Information] 28-06 03:32:29 || Starting Hangfire Server using job storage: 'SQL Server: .@AthleteHubDb'
[Information] 28-06 03:32:29 || Using the following options for SQL Server job storage: Queue poll interval: 08:00:00.
[Information] 28-06 03:32:29 || Using the following options for Hangfire Server:
    Worker count: 20
    Listening queues: 'default'
    Shutdown timeout: 00:00:15
    Schedule polling interval: 00:00:15
[Information] 28-06 03:32:29 || Server shika:4712:d27becdc successfully announced in 17.3551 ms
[Information] 28-06 03:32:29 || Server shika:4712:d27becdc is starting the registered dispatchers: ServerWatchdog, ServerJobCancellationWatcher, ExpirationManager, CountersAggregator, SqlServerHeartbeatProcess, Worker, DelayedJobScheduler, RecurringJobScheduler...
[Information] 28-06 03:32:29 || Server shika:4712:d27becdc all the dispatchers started
[Warning] 28-06 03:33:19 || Failed to determine the https port for redirect.
[Information] 28-06 03:33:20 || Executed DbCommand ("60"ms) [Parameters=["@__athleteId_0='1', @__subscriptionId_1='3'"], CommandType='Text', CommandTimeout='30']"
""SELECT TOP(1) [a].[AthleteId], [a].[SubscribtionId], [a].[PaymentIntentId], [a].[SubscribtionEndDate], [a].[SubscribtionStartDate]
FROM [AthleteActiveSubscribtions] AS [a]
WHERE [a].[AthleteId] = @__athleteId_0 AND [a].[SubscribtionId] = @__subscriptionId_1"
[Information] 28-06 03:33:22 || HTTP "POST" "/api/Payment/create-checkout-session" responded 200 in 2428.7638 ms
[Information] 28-06 03:34:06 || Executed DbCommand ("48"ms) [Parameters=["@p0='1', @p1='3', @p2='pi_3PWSlNGoggUbw3Zt0S2xawhg' (Size = 4000), @p3='09/26/2024' (Nullable = true) (DbType = Date), @p4='06/28/2024' (Nullable = true) (DbType = Date)"], CommandType='Text', CommandTimeout='30']"
""SET IMPLICIT_TRANSACTIONS OFF;
SET NOCOUNT ON;
INSERT INTO [AthleteActiveSubscribtions] ([AthleteId], [SubscribtionId], [PaymentIntentId], [SubscribtionEndDate], [SubscribtionStartDate])
VALUES (@p0, @p1, @p2, @p3, @p4);"
[Information] 28-06 03:34:06 || HTTP "GET" "/api/Payment/Success" responded 200 in 1370.1390 ms
[Information] 28-06 03:34:37 || Executed DbCommand ("4"ms) [Parameters=["@__athleteId_0='1', @__subscriptionId_1='3'"], CommandType='Text', CommandTimeout='30']"
""SELECT TOP(1) [a].[AthleteId], [a].[SubscribtionId], [a].[PaymentIntentId], [a].[SubscribtionEndDate], [a].[SubscribtionStartDate]
FROM [AthleteActiveSubscribtions] AS [a]
WHERE [a].[AthleteId] = @__athleteId_0 AND [a].[SubscribtionId] = @__subscriptionId_1"
[Information] 28-06 03:34:38 || HTTP "POST" "/api/Payment/create-checkout-session" responded 200 in 759.7449 ms
[Information] 28-06 03:35:47 || Executed DbCommand ("12"ms) [Parameters=["@__athleteId_0='1', @__subscriptionId_1='3'"], CommandType='Text', CommandTimeout='30']"
""SELECT TOP(1) [a].[AthleteId], [a].[SubscribtionId], [a].[PaymentIntentId], [a].[SubscribtionEndDate], [a].[SubscribtionStartDate]
FROM [AthleteActiveSubscribtions] AS [a]
WHERE [a].[AthleteId] = @__athleteId_0 AND [a].[SubscribtionId] = @__subscriptionId_1"
[Information] 28-06 03:35:48 || HTTP "POST" "/api/Payment/create-checkout-session" responded 200 in 843.7940 ms
[Warning] 28-06 03:36:24 || Sensitive data logging is enabled. Log entries and exception messages may include sensitive application data; this mode should only be enabled during development.
[Warning] 28-06 03:36:25 || No store type was specified for the decimal property '"OverallRating"' on entity type '"Coach"'. This will cause values to be silently truncated if they do not fit in the default precision and scale. Explicitly specify the SQL server column type that can accommodate all the values in 'OnModelCreating' using 'HasColumnType', specify precision and scale using 'HasPrecision', or configure a value converter using 'HasConversion'.
[Information] 28-06 03:36:25 || Executed DbCommand ("2"ms) [Parameters=[""], CommandType='Text', CommandTimeout='30']"
""SELECT 1"
[Information] 28-06 03:36:25 || Executed DbCommand ("2"ms) [Parameters=[""], CommandType='Text', CommandTimeout='30']"
""SELECT OBJECT_ID(N'[__EFMigrationsHistory]');"
[Information] 28-06 03:36:25 || Executed DbCommand ("8"ms) [Parameters=[""], CommandType='Text', CommandTimeout='30']"
""SELECT [MigrationId], [ProductVersion]
FROM [__EFMigrationsHistory]
ORDER BY [MigrationId];"
[Information] 28-06 03:36:25 || Executed DbCommand ("12"ms) [Parameters=[""], CommandType='Text', CommandTimeout='30']"
""SELECT 1"
[Information] 28-06 03:36:25 || Executed DbCommand ("36"ms) [Parameters=[""], CommandType='Text', CommandTimeout='30']"
""SELECT CASE
    WHEN EXISTS (
        SELECT 1
        FROM [AspNetRoles] AS [a]) THEN CAST(1 AS bit)
    ELSE CAST(0 AS bit)
END"
[Information] 28-06 03:36:25 || Executed DbCommand ("6"ms) [Parameters=[""], CommandType='Text', CommandTimeout='30']"
""SELECT CASE
    WHEN EXISTS (
        SELECT 1
        FROM [AspNetUsers] AS [a]) THEN CAST(1 AS bit)
    ELSE CAST(0 AS bit)
END"
[Information] 28-06 03:36:25 || Executed DbCommand ("5"ms) [Parameters=[""], CommandType='Text', CommandTimeout='30']"
""SELECT CASE
    WHEN EXISTS (
        SELECT 1
        FROM [Features] AS [f]) THEN CAST(1 AS bit)
    ELSE CAST(0 AS bit)
END"
[Information] 28-06 03:36:25 || Start installing Hangfire SQL objects...
[Information] 28-06 03:36:26 || Hangfire SQL objects installed.
[Information] 28-06 03:36:26 || Starting Hangfire Server using job storage: 'SQL Server: .@AthleteHubDb'
[Information] 28-06 03:36:26 || Using the following options for SQL Server job storage: Queue poll interval: 08:00:00.
[Information] 28-06 03:36:26 || Using the following options for Hangfire Server:
    Worker count: 20
    Listening queues: 'default'
    Shutdown timeout: 00:00:15
    Schedule polling interval: 00:00:15
[Information] 28-06 03:36:26 || Server shika:6228:e77e632f successfully announced in 61.4368 ms
[Information] 28-06 03:36:26 || Server shika:6228:e77e632f is starting the registered dispatchers: ServerWatchdog, ServerJobCancellationWatcher, ExpirationManager, CountersAggregator, SqlServerHeartbeatProcess, Worker, DelayedJobScheduler, RecurringJobScheduler...
[Information] 28-06 03:36:26 || Server shika:6228:e77e632f all the dispatchers started
[Warning] 28-06 03:36:55 || Failed to determine the https port for redirect.
[Information] 28-06 03:37:18 || Executed DbCommand ("41"ms) [Parameters=["@__athleteId_0='1', @__subscriptionId_1='3'"], CommandType='Text', CommandTimeout='30']"
""SELECT TOP(1) [a].[AthleteId], [a].[SubscribtionId], [a].[PaymentIntentId], [a].[SubscribtionEndDate], [a].[SubscribtionStartDate]
FROM [AthleteActiveSubscribtions] AS [a]
WHERE [a].[AthleteId] = @__athleteId_0 AND [a].[SubscribtionId] = @__subscriptionId_1"
[Information] 28-06 03:37:20 || HTTP "POST" "/api/Payment/create-checkout-session" responded 200 in 24763.1376 ms
[Information] 28-06 03:37:46 || Executed DbCommand ("24"ms) [Parameters=["@__athleteId_0='1', @__subscriptionId_1='3'"], CommandType='Text', CommandTimeout='30']"
""SELECT TOP(1) [a].[AthleteId], [a].[SubscribtionId], [a].[PaymentIntentId], [a].[SubscribtionEndDate], [a].[SubscribtionStartDate]
FROM [AthleteActiveSubscribtions] AS [a]
WHERE [a].[AthleteId] = @__athleteId_0 AND [a].[SubscribtionId] = @__subscriptionId_1"
[Information] 28-06 03:38:08 || Executed DbCommand ("9"ms) [Parameters=["@__athleteId_0='1', @__subscriptionId_1='3'"], CommandType='Text', CommandTimeout='30']"
""SELECT TOP(1) [a].[AthleteId], [a].[SubscribtionId], [a].[PaymentIntentId], [a].[SubscribtionEndDate], [a].[SubscribtionStartDate]
FROM [AthleteActiveSubscribtions] AS [a]
WHERE [a].[AthleteId] = @__athleteId_0 AND [a].[SubscribtionId] = @__subscriptionId_1"
[Information] 28-06 03:38:17 || HTTP "POST" "/api/Payment/create-checkout-session" responded 200 in 52733.1768 ms
[Warning] 28-06 03:43:33 || Sensitive data logging is enabled. Log entries and exception messages may include sensitive application data; this mode should only be enabled during development.
[Warning] 28-06 03:43:33 || No store type was specified for the decimal property '"OverallRating"' on entity type '"Coach"'. This will cause values to be silently truncated if they do not fit in the default precision and scale. Explicitly specify the SQL server column type that can accommodate all the values in 'OnModelCreating' using 'HasColumnType', specify precision and scale using 'HasPrecision', or configure a value converter using 'HasConversion'.
[Information] 28-06 03:43:33 || Executed DbCommand ("2"ms) [Parameters=[""], CommandType='Text', CommandTimeout='30']"
""SELECT 1"
[Information] 28-06 03:43:33 || Executed DbCommand ("1"ms) [Parameters=[""], CommandType='Text', CommandTimeout='30']"
""SELECT OBJECT_ID(N'[__EFMigrationsHistory]');"
[Information] 28-06 03:43:33 || Executed DbCommand ("35"ms) [Parameters=[""], CommandType='Text', CommandTimeout='30']"
""SELECT [MigrationId], [ProductVersion]
FROM [__EFMigrationsHistory]
ORDER BY [MigrationId];"
[Information] 28-06 03:43:33 || Executed DbCommand ("19"ms) [Parameters=[""], CommandType='Text', CommandTimeout='30']"
""SELECT 1"
[Information] 28-06 03:43:33 || Executed DbCommand ("36"ms) [Parameters=[""], CommandType='Text', CommandTimeout='30']"
""SELECT CASE
    WHEN EXISTS (
        SELECT 1
        FROM [AspNetRoles] AS [a]) THEN CAST(1 AS bit)
    ELSE CAST(0 AS bit)
END"
[Information] 28-06 03:43:33 || Executed DbCommand ("6"ms) [Parameters=[""], CommandType='Text', CommandTimeout='30']"
""SELECT CASE
    WHEN EXISTS (
        SELECT 1
        FROM [AspNetUsers] AS [a]) THEN CAST(1 AS bit)
    ELSE CAST(0 AS bit)
END"
[Information] 28-06 03:43:33 || Executed DbCommand ("4"ms) [Parameters=[""], CommandType='Text', CommandTimeout='30']"
""SELECT CASE
    WHEN EXISTS (
        SELECT 1
        FROM [Features] AS [f]) THEN CAST(1 AS bit)
    ELSE CAST(0 AS bit)
END"
[Information] 28-06 03:43:33 || Start installing Hangfire SQL objects...
[Information] 28-06 03:43:33 || Hangfire SQL objects installed.
[Information] 28-06 03:43:33 || Starting Hangfire Server using job storage: 'SQL Server: .@AthleteHubDb'
[Information] 28-06 03:43:33 || Using the following options for SQL Server job storage: Queue poll interval: 08:00:00.
[Information] 28-06 03:43:33 || Using the following options for Hangfire Server:
    Worker count: 20
    Listening queues: 'default'
    Shutdown timeout: 00:00:15
    Schedule polling interval: 00:00:15
[Information] 28-06 03:43:33 || Server shika:1464:cac579a2 successfully announced in 48.0857 ms
[Information] 28-06 03:43:33 || Server shika:1464:cac579a2 is starting the registered dispatchers: ServerWatchdog, ServerJobCancellationWatcher, ExpirationManager, CountersAggregator, SqlServerHeartbeatProcess, Worker, DelayedJobScheduler, RecurringJobScheduler...
[Information] 28-06 03:43:33 || 2 servers were removed due to timeout
[Information] 28-06 03:43:33 || Server shika:1464:cac579a2 all the dispatchers started
[Warning] 28-06 03:44:03 || Failed to determine the https port for redirect.
[Information] 28-06 03:44:03 || Executed DbCommand ("22"ms) [Parameters=["@__athleteId_0='1', @__subscriptionId_1='3'"], CommandType='Text', CommandTimeout='30']"
""SELECT TOP(1) [a].[AthleteId], [a].[SubscribtionId], [a].[PaymentIntentId], [a].[SubscribtionEndDate], [a].[SubscribtionStartDate]
FROM [AthleteActiveSubscribtions] AS [a]
WHERE [a].[AthleteId] = @__athleteId_0 AND [a].[SubscribtionId] = @__subscriptionId_1"
[Information] 28-06 03:44:03 || HTTP "POST" "/api/Payment/create-checkout-session" responded 500 in 491.4080 ms
System.InvalidOperationException: you cannot subscribe to the same bundle twice!!
   at AthleteHub.Infrastructure.Authorization.Services.Payment.PaymentService.CreateCheckoutSessionAsync(Decimal price, String subscriptionName, Int32 athleteId, Int32 subscriptionId) in D:\Graduation Project\AthleteHub\AthleteHub.Infrastructure\Authorization\Services\Payment\PaymentService.cs:line 68
   at AthleteHub.Api.Controllers.PaymentController.CreateCheckoutSession(CreateCheckoutSessionRequest request) in D:\Graduation Project\AthleteHub\AthleteHub.Api\Controllers\PaymentController.cs:line 24
   at Microsoft.AspNetCore.Mvc.Infrastructure.ActionMethodExecutor.TaskOfIActionResultExecutor.Execute(ActionContext actionContext, IActionResultTypeMapper mapper, ObjectMethodExecutor executor, Object controller, Object[] arguments)
   at Microsoft.AspNetCore.Mvc.Infrastructure.ControllerActionInvoker.<InvokeActionMethodAsync>g__Awaited|12_0(ControllerActionInvoker invoker, ValueTask`1 actionResultValueTask)
   at Microsoft.AspNetCore.Mvc.Infrastructure.ControllerActionInvoker.<InvokeNextActionFilterAsync>g__Awaited|10_0(ControllerActionInvoker invoker, Task lastTask, State next, Scope scope, Object state, Boolean isCompleted)
   at Microsoft.AspNetCore.Mvc.Infrastructure.ControllerActionInvoker.Rethrow(ActionExecutedContextSealed context)
   at Microsoft.AspNetCore.Mvc.Infrastructure.ControllerActionInvoker.Next(State& next, Scope& scope, Object& state, Boolean& isCompleted)
   at Microsoft.AspNetCore.Mvc.Infrastructure.ControllerActionInvoker.InvokeInnerFilterAsync()
--- End of stack trace from previous location ---
   at Microsoft.AspNetCore.Mvc.Infrastructure.ResourceInvoker.<InvokeFilterPipelineAsync>g__Awaited|20_0(ResourceInvoker invoker, Task lastTask, State next, Scope scope, Object state, Boolean isCompleted)
   at Microsoft.AspNetCore.Mvc.Infrastructure.ResourceInvoker.<InvokeAsync>g__Awaited|17_0(ResourceInvoker invoker, Task task, IDisposable scope)
   at Microsoft.AspNetCore.Mvc.Infrastructure.ResourceInvoker.<InvokeAsync>g__Awaited|17_0(ResourceInvoker invoker, Task task, IDisposable scope)
   at Microsoft.AspNetCore.Authorization.AuthorizationMiddleware.Invoke(HttpContext context)
   at Microsoft.AspNetCore.Authentication.AuthenticationMiddleware.Invoke(HttpContext context)
   at Serilog.AspNetCore.RequestLoggingMiddleware.Invoke(HttpContext httpContext)
[Error] 28-06 03:44:03 || An unhandled exception has occurred while executing the request.
System.InvalidOperationException: you cannot subscribe to the same bundle twice!!
   at AthleteHub.Infrastructure.Authorization.Services.Payment.PaymentService.CreateCheckoutSessionAsync(Decimal price, String subscriptionName, Int32 athleteId, Int32 subscriptionId) in D:\Graduation Project\AthleteHub\AthleteHub.Infrastructure\Authorization\Services\Payment\PaymentService.cs:line 68
   at AthleteHub.Api.Controllers.PaymentController.CreateCheckoutSession(CreateCheckoutSessionRequest request) in D:\Graduation Project\AthleteHub\AthleteHub.Api\Controllers\PaymentController.cs:line 24
   at Microsoft.AspNetCore.Mvc.Infrastructure.ActionMethodExecutor.TaskOfIActionResultExecutor.Execute(ActionContext actionContext, IActionResultTypeMapper mapper, ObjectMethodExecutor executor, Object controller, Object[] arguments)
   at Microsoft.AspNetCore.Mvc.Infrastructure.ControllerActionInvoker.<InvokeActionMethodAsync>g__Awaited|12_0(ControllerActionInvoker invoker, ValueTask`1 actionResultValueTask)
   at Microsoft.AspNetCore.Mvc.Infrastructure.ControllerActionInvoker.<InvokeNextActionFilterAsync>g__Awaited|10_0(ControllerActionInvoker invoker, Task lastTask, State next, Scope scope, Object state, Boolean isCompleted)
   at Microsoft.AspNetCore.Mvc.Infrastructure.ControllerActionInvoker.Rethrow(ActionExecutedContextSealed context)
   at Microsoft.AspNetCore.Mvc.Infrastructure.ControllerActionInvoker.Next(State& next, Scope& scope, Object& state, Boolean& isCompleted)
   at Microsoft.AspNetCore.Mvc.Infrastructure.ControllerActionInvoker.InvokeInnerFilterAsync()
--- End of stack trace from previous location ---
   at Microsoft.AspNetCore.Mvc.Infrastructure.ResourceInvoker.<InvokeFilterPipelineAsync>g__Awaited|20_0(ResourceInvoker invoker, Task lastTask, State next, Scope scope, Object state, Boolean isCompleted)
   at Microsoft.AspNetCore.Mvc.Infrastructure.ResourceInvoker.<InvokeAsync>g__Awaited|17_0(ResourceInvoker invoker, Task task, IDisposable scope)
   at Microsoft.AspNetCore.Mvc.Infrastructure.ResourceInvoker.<InvokeAsync>g__Awaited|17_0(ResourceInvoker invoker, Task task, IDisposable scope)
   at Microsoft.AspNetCore.Authorization.AuthorizationMiddleware.Invoke(HttpContext context)
   at Microsoft.AspNetCore.Authentication.AuthenticationMiddleware.Invoke(HttpContext context)
   at Serilog.AspNetCore.RequestLoggingMiddleware.Invoke(HttpContext httpContext)
   at Swashbuckle.AspNetCore.SwaggerUI.SwaggerUIMiddleware.Invoke(HttpContext httpContext)
   at Swashbuckle.AspNetCore.Swagger.SwaggerMiddleware.Invoke(HttpContext httpContext, ISwaggerProvider swaggerProvider)
   at Microsoft.AspNetCore.Diagnostics.ExceptionHandlerMiddlewareImpl.<Invoke>g__Awaited|10_0(ExceptionHandlerMiddlewareImpl middleware, HttpContext context, Task task)
[Error] 28-06 03:44:03 || you cannot subscribe to the same bundle twice!!
System.InvalidOperationException: you cannot subscribe to the same bundle twice!!
   at AthleteHub.Infrastructure.Authorization.Services.Payment.PaymentService.CreateCheckoutSessionAsync(Decimal price, String subscriptionName, Int32 athleteId, Int32 subscriptionId) in D:\Graduation Project\AthleteHub\AthleteHub.Infrastructure\Authorization\Services\Payment\PaymentService.cs:line 68
   at AthleteHub.Api.Controllers.PaymentController.CreateCheckoutSession(CreateCheckoutSessionRequest request) in D:\Graduation Project\AthleteHub\AthleteHub.Api\Controllers\PaymentController.cs:line 24
   at Microsoft.AspNetCore.Mvc.Infrastructure.ActionMethodExecutor.TaskOfIActionResultExecutor.Execute(ActionContext actionContext, IActionResultTypeMapper mapper, ObjectMethodExecutor executor, Object controller, Object[] arguments)
   at Microsoft.AspNetCore.Mvc.Infrastructure.ControllerActionInvoker.<InvokeActionMethodAsync>g__Awaited|12_0(ControllerActionInvoker invoker, ValueTask`1 actionResultValueTask)
   at Microsoft.AspNetCore.Mvc.Infrastructure.ControllerActionInvoker.<InvokeNextActionFilterAsync>g__Awaited|10_0(ControllerActionInvoker invoker, Task lastTask, State next, Scope scope, Object state, Boolean isCompleted)
   at Microsoft.AspNetCore.Mvc.Infrastructure.ControllerActionInvoker.Rethrow(ActionExecutedContextSealed context)
   at Microsoft.AspNetCore.Mvc.Infrastructure.ControllerActionInvoker.Next(State& next, Scope& scope, Object& state, Boolean& isCompleted)
   at Microsoft.AspNetCore.Mvc.Infrastructure.ControllerActionInvoker.InvokeInnerFilterAsync()
--- End of stack trace from previous location ---
   at Microsoft.AspNetCore.Mvc.Infrastructure.ResourceInvoker.<InvokeFilterPipelineAsync>g__Awaited|20_0(ResourceInvoker invoker, Task lastTask, State next, Scope scope, Object state, Boolean isCompleted)
   at Microsoft.AspNetCore.Mvc.Infrastructure.ResourceInvoker.<InvokeAsync>g__Awaited|17_0(ResourceInvoker invoker, Task task, IDisposable scope)
   at Microsoft.AspNetCore.Mvc.Infrastructure.ResourceInvoker.<InvokeAsync>g__Awaited|17_0(ResourceInvoker invoker, Task task, IDisposable scope)
   at Microsoft.AspNetCore.Authorization.AuthorizationMiddleware.Invoke(HttpContext context)
   at Microsoft.AspNetCore.Authentication.AuthenticationMiddleware.Invoke(HttpContext context)
   at Serilog.AspNetCore.RequestLoggingMiddleware.Invoke(HttpContext httpContext)
   at Swashbuckle.AspNetCore.SwaggerUI.SwaggerUIMiddleware.Invoke(HttpContext httpContext)
   at Swashbuckle.AspNetCore.Swagger.SwaggerMiddleware.Invoke(HttpContext httpContext, ISwaggerProvider swaggerProvider)
   at Microsoft.AspNetCore.Diagnostics.ExceptionHandlerMiddlewareImpl.<Invoke>g__Awaited|10_0(ExceptionHandlerMiddlewareImpl middleware, HttpContext context, Task task)
[Error] 28-06 03:44:03 || An exception occurred while iterating over the results of a query for context type '"AthleteHub.Infrastructure.Persistance.AthleteHubDbContext"'."
""System.InvalidOperationException: Invalid attempt to call ReadAsync when reader is closed.
   at Microsoft.Data.Common.ADP.ExceptionWithStackTrace(Exception e)
--- End of stack trace from previous location ---
   at Microsoft.EntityFrameworkCore.Query.Internal.SingleQueryingEnumerable`1.AsyncEnumerator.MoveNextAsync()"
System.InvalidOperationException: Invalid attempt to call ReadAsync when reader is closed.
   at Microsoft.Data.Common.ADP.ExceptionWithStackTrace(Exception e)
--- End of stack trace from previous location ---
   at Microsoft.EntityFrameworkCore.Query.Internal.SingleQueryingEnumerable`1.AsyncEnumerator.MoveNextAsync()
[Information] 28-06 19:55:03 || 1 servers were removed due to timeout
[Error] 28-06 22:25:52 || HTTP "DELETE" "/api/Athlete/Measurement" responded 401 in 63.9397 ms
[Error] 28-06 22:27:09 || HTTP "DELETE" "/api/Athlete/Measurement" responded 401 in 7.4801 ms
[Warning] 28-06 22:27:38 || Sensitive data logging is enabled. Log entries and exception messages may include sensitive application data; this mode should only be enabled during development.
[Warning] 28-06 22:27:38 || No store type was specified for the decimal property '"OverallRating"' on entity type '"Coach"'. This will cause values to be silently truncated if they do not fit in the default precision and scale. Explicitly specify the SQL server column type that can accommodate all the values in 'OnModelCreating' using 'HasColumnType', specify precision and scale using 'HasPrecision', or configure a value converter using 'HasConversion'.
[Information] 28-06 22:27:38 || Executed DbCommand ("5"ms) [Parameters=[""], CommandType='Text', CommandTimeout='30']"
""SELECT 1"
[Information] 28-06 22:27:38 || Executed DbCommand ("3"ms) [Parameters=[""], CommandType='Text', CommandTimeout='30']"
""SELECT OBJECT_ID(N'[__EFMigrationsHistory]');"
[Information] 28-06 22:27:39 || Executed DbCommand ("36"ms) [Parameters=[""], CommandType='Text', CommandTimeout='30']"
""SELECT [MigrationId], [ProductVersion]
FROM [__EFMigrationsHistory]
ORDER BY [MigrationId];"
[Information] 28-06 22:27:39 || Executed DbCommand ("34"ms) [Parameters=[""], CommandType='Text', CommandTimeout='30']"
""SELECT 1"
[Information] 28-06 22:27:39 || Executed DbCommand ("37"ms) [Parameters=[""], CommandType='Text', CommandTimeout='30']"
""SELECT CASE
    WHEN EXISTS (
        SELECT 1
        FROM [AspNetRoles] AS [a]) THEN CAST(1 AS bit)
    ELSE CAST(0 AS bit)
END"
[Information] 28-06 22:27:39 || Executed DbCommand ("6"ms) [Parameters=[""], CommandType='Text', CommandTimeout='30']"
""SELECT CASE
    WHEN EXISTS (
        SELECT 1
        FROM [AspNetUsers] AS [a]) THEN CAST(1 AS bit)
    ELSE CAST(0 AS bit)
END"
[Information] 28-06 22:27:39 || Executed DbCommand ("4"ms) [Parameters=[""], CommandType='Text', CommandTimeout='30']"
""SELECT CASE
    WHEN EXISTS (
        SELECT 1
        FROM [Features] AS [f]) THEN CAST(1 AS bit)
    ELSE CAST(0 AS bit)
END"
[Information] 28-06 22:27:39 || Start installing Hangfire SQL objects...
[Information] 28-06 22:27:39 || Hangfire SQL objects installed.
[Information] 28-06 22:27:40 || Starting Hangfire Server using job storage: 'SQL Server: .@AthleteHubDb'
[Information] 28-06 22:27:40 || Using the following options for SQL Server job storage: Queue poll interval: 08:00:00.
[Information] 28-06 22:27:40 || Using the following options for Hangfire Server:
    Worker count: 20
    Listening queues: 'default'
    Shutdown timeout: 00:00:15
    Schedule polling interval: 00:00:15
[Information] 28-06 22:27:40 || Server shika:28924:16daa631 successfully announced in 67.4507 ms
[Information] 28-06 22:27:40 || Server shika:28924:16daa631 is starting the registered dispatchers: ServerWatchdog, ServerJobCancellationWatcher, ExpirationManager, CountersAggregator, SqlServerHeartbeatProcess, Worker, DelayedJobScheduler, RecurringJobScheduler...
[Information] 28-06 22:27:41 || Server shika:28924:16daa631 all the dispatchers started
[Warning] 28-06 22:28:07 || Failed to determine the https port for redirect.
[Error] 28-06 22:28:11 || HTTP "DELETE" "/api/Athlete/Measurement" responded 401 in 3248.3421 ms
[Warning] 28-06 22:29:06 || Sensitive data logging is enabled. Log entries and exception messages may include sensitive application data; this mode should only be enabled during development.
[Warning] 28-06 22:29:06 || No store type was specified for the decimal property '"OverallRating"' on entity type '"Coach"'. This will cause values to be silently truncated if they do not fit in the default precision and scale. Explicitly specify the SQL server column type that can accommodate all the values in 'OnModelCreating' using 'HasColumnType', specify precision and scale using 'HasPrecision', or configure a value converter using 'HasConversion'.
[Information] 28-06 22:29:06 || Executed DbCommand ("2"ms) [Parameters=[""], CommandType='Text', CommandTimeout='30']"
""SELECT 1"
[Information] 28-06 22:29:06 || Executed DbCommand ("2"ms) [Parameters=[""], CommandType='Text', CommandTimeout='30']"
""SELECT OBJECT_ID(N'[__EFMigrationsHistory]');"
[Information] 28-06 22:29:06 || Executed DbCommand ("36"ms) [Parameters=[""], CommandType='Text', CommandTimeout='30']"
""SELECT [MigrationId], [ProductVersion]
FROM [__EFMigrationsHistory]
ORDER BY [MigrationId];"
[Information] 28-06 22:29:06 || Executed DbCommand ("20"ms) [Parameters=[""], CommandType='Text', CommandTimeout='30']"
""SELECT 1"
[Information] 28-06 22:29:06 || Executed DbCommand ("37"ms) [Parameters=[""], CommandType='Text', CommandTimeout='30']"
""SELECT CASE
    WHEN EXISTS (
        SELECT 1
        FROM [AspNetRoles] AS [a]) THEN CAST(1 AS bit)
    ELSE CAST(0 AS bit)
END"
[Information] 28-06 22:29:06 || Executed DbCommand ("6"ms) [Parameters=[""], CommandType='Text', CommandTimeout='30']"
""SELECT CASE
    WHEN EXISTS (
        SELECT 1
        FROM [AspNetUsers] AS [a]) THEN CAST(1 AS bit)
    ELSE CAST(0 AS bit)
END"
[Information] 28-06 22:29:06 || Executed DbCommand ("5"ms) [Parameters=[""], CommandType='Text', CommandTimeout='30']"
""SELECT CASE
    WHEN EXISTS (
        SELECT 1
        FROM [Features] AS [f]) THEN CAST(1 AS bit)
    ELSE CAST(0 AS bit)
END"
[Information] 28-06 22:29:06 || Start installing Hangfire SQL objects...
[Information] 28-06 22:29:06 || Hangfire SQL objects installed.
[Information] 28-06 22:29:06 || Starting Hangfire Server using job storage: 'SQL Server: .@AthleteHubDb'
[Information] 28-06 22:29:06 || Using the following options for SQL Server job storage: Queue poll interval: 08:00:00.
[Information] 28-06 22:29:06 || Using the following options for Hangfire Server:
    Worker count: 20
    Listening queues: 'default'
    Shutdown timeout: 00:00:15
    Schedule polling interval: 00:00:15
[Information] 28-06 22:29:06 || Server shika:6708:2dd4a4f5 successfully announced in 49.7565 ms
[Information] 28-06 22:29:06 || Server shika:6708:2dd4a4f5 is starting the registered dispatchers: ServerWatchdog, ServerJobCancellationWatcher, ExpirationManager, CountersAggregator, SqlServerHeartbeatProcess, Worker, DelayedJobScheduler, RecurringJobScheduler...
[Information] 28-06 22:29:06 || Server shika:6708:2dd4a4f5 all the dispatchers started
[Warning] 28-06 22:29:20 || Failed to determine the https port for redirect.
[Information] 28-06 22:29:20 || HTTP "DELETE" "/api/Athlete/Measurement" responded 500 in 469.6619 ms
AthleteHub.Domain.Exceptions.UnAuthorizedException: User is not authenticated
   at AthleteHub.Application.Athletes.Commands.DeleteMeasurement.DeleteMeasurementCommandHandler.Handle(DeleteMeasurementCommand request, CancellationToken cancellationToken) in D:\Graduation Project\AthleteHub\AthleteHub.Application\Athletes\Commands\DeleteMeasurement\DeleteMeasurementCommandHandler.cs:line 24
   at MediatR.Wrappers.RequestHandlerWrapperImpl`1.<>c__DisplayClass1_0.<<Handle>g__Handler|0>d.MoveNext()
--- End of stack trace from previous location ---
   at AthleteHub.Api.Controllers.AthleteController.DeleteMeasurement(DateTime date) in D:\Graduation Project\AthleteHub\AthleteHub.Api\Controllers\AthleteController.cs:line 69
   at Microsoft.AspNetCore.Mvc.Infrastructure.ActionMethodExecutor.TaskOfIActionResultExecutor.Execute(ActionContext actionContext, IActionResultTypeMapper mapper, ObjectMethodExecutor executor, Object controller, Object[] arguments)
   at Microsoft.AspNetCore.Mvc.Infrastructure.ControllerActionInvoker.<InvokeActionMethodAsync>g__Awaited|12_0(ControllerActionInvoker invoker, ValueTask`1 actionResultValueTask)
   at Microsoft.AspNetCore.Mvc.Infrastructure.ControllerActionInvoker.<InvokeNextActionFilterAsync>g__Awaited|10_0(ControllerActionInvoker invoker, Task lastTask, State next, Scope scope, Object state, Boolean isCompleted)
   at Microsoft.AspNetCore.Mvc.Infrastructure.ControllerActionInvoker.Rethrow(ActionExecutedContextSealed context)
   at Microsoft.AspNetCore.Mvc.Infrastructure.ControllerActionInvoker.Next(State& next, Scope& scope, Object& state, Boolean& isCompleted)
   at Microsoft.AspNetCore.Mvc.Infrastructure.ControllerActionInvoker.InvokeInnerFilterAsync()
--- End of stack trace from previous location ---
   at Microsoft.AspNetCore.Mvc.Infrastructure.ResourceInvoker.<InvokeFilterPipelineAsync>g__Awaited|20_0(ResourceInvoker invoker, Task lastTask, State next, Scope scope, Object state, Boolean isCompleted)
   at Microsoft.AspNetCore.Mvc.Infrastructure.ResourceInvoker.<InvokeAsync>g__Awaited|17_0(ResourceInvoker invoker, Task task, IDisposable scope)
   at Microsoft.AspNetCore.Mvc.Infrastructure.ResourceInvoker.<InvokeAsync>g__Awaited|17_0(ResourceInvoker invoker, Task task, IDisposable scope)
   at Microsoft.AspNetCore.Authorization.AuthorizationMiddleware.Invoke(HttpContext context)
   at Microsoft.AspNetCore.Authentication.AuthenticationMiddleware.Invoke(HttpContext context)
   at Serilog.AspNetCore.RequestLoggingMiddleware.Invoke(HttpContext httpContext)
[Error] 28-06 22:29:20 || An unhandled exception has occurred while executing the request.
AthleteHub.Domain.Exceptions.UnAuthorizedException: User is not authenticated
   at AthleteHub.Application.Athletes.Commands.DeleteMeasurement.DeleteMeasurementCommandHandler.Handle(DeleteMeasurementCommand request, CancellationToken cancellationToken) in D:\Graduation Project\AthleteHub\AthleteHub.Application\Athletes\Commands\DeleteMeasurement\DeleteMeasurementCommandHandler.cs:line 24
   at MediatR.Wrappers.RequestHandlerWrapperImpl`1.<>c__DisplayClass1_0.<<Handle>g__Handler|0>d.MoveNext()
--- End of stack trace from previous location ---
   at AthleteHub.Api.Controllers.AthleteController.DeleteMeasurement(DateTime date) in D:\Graduation Project\AthleteHub\AthleteHub.Api\Controllers\AthleteController.cs:line 69
   at Microsoft.AspNetCore.Mvc.Infrastructure.ActionMethodExecutor.TaskOfIActionResultExecutor.Execute(ActionContext actionContext, IActionResultTypeMapper mapper, ObjectMethodExecutor executor, Object controller, Object[] arguments)
   at Microsoft.AspNetCore.Mvc.Infrastructure.ControllerActionInvoker.<InvokeActionMethodAsync>g__Awaited|12_0(ControllerActionInvoker invoker, ValueTask`1 actionResultValueTask)
   at Microsoft.AspNetCore.Mvc.Infrastructure.ControllerActionInvoker.<InvokeNextActionFilterAsync>g__Awaited|10_0(ControllerActionInvoker invoker, Task lastTask, State next, Scope scope, Object state, Boolean isCompleted)
   at Microsoft.AspNetCore.Mvc.Infrastructure.ControllerActionInvoker.Rethrow(ActionExecutedContextSealed context)
   at Microsoft.AspNetCore.Mvc.Infrastructure.ControllerActionInvoker.Next(State& next, Scope& scope, Object& state, Boolean& isCompleted)
   at Microsoft.AspNetCore.Mvc.Infrastructure.ControllerActionInvoker.InvokeInnerFilterAsync()
--- End of stack trace from previous location ---
   at Microsoft.AspNetCore.Mvc.Infrastructure.ResourceInvoker.<InvokeFilterPipelineAsync>g__Awaited|20_0(ResourceInvoker invoker, Task lastTask, State next, Scope scope, Object state, Boolean isCompleted)
   at Microsoft.AspNetCore.Mvc.Infrastructure.ResourceInvoker.<InvokeAsync>g__Awaited|17_0(ResourceInvoker invoker, Task task, IDisposable scope)
   at Microsoft.AspNetCore.Mvc.Infrastructure.ResourceInvoker.<InvokeAsync>g__Awaited|17_0(ResourceInvoker invoker, Task task, IDisposable scope)
   at Microsoft.AspNetCore.Authorization.AuthorizationMiddleware.Invoke(HttpContext context)
   at Microsoft.AspNetCore.Authentication.AuthenticationMiddleware.Invoke(HttpContext context)
   at Serilog.AspNetCore.RequestLoggingMiddleware.Invoke(HttpContext httpContext)
   at Swashbuckle.AspNetCore.SwaggerUI.SwaggerUIMiddleware.Invoke(HttpContext httpContext)
   at Swashbuckle.AspNetCore.Swagger.SwaggerMiddleware.Invoke(HttpContext httpContext, ISwaggerProvider swaggerProvider)
   at Microsoft.AspNetCore.Diagnostics.ExceptionHandlerMiddlewareImpl.<Invoke>g__Awaited|10_0(ExceptionHandlerMiddlewareImpl middleware, HttpContext context, Task task)
[Error] 28-06 22:29:20 || User is not authenticated
AthleteHub.Domain.Exceptions.UnAuthorizedException: User is not authenticated
   at AthleteHub.Application.Athletes.Commands.DeleteMeasurement.DeleteMeasurementCommandHandler.Handle(DeleteMeasurementCommand request, CancellationToken cancellationToken) in D:\Graduation Project\AthleteHub\AthleteHub.Application\Athletes\Commands\DeleteMeasurement\DeleteMeasurementCommandHandler.cs:line 24
   at MediatR.Wrappers.RequestHandlerWrapperImpl`1.<>c__DisplayClass1_0.<<Handle>g__Handler|0>d.MoveNext()
--- End of stack trace from previous location ---
   at AthleteHub.Api.Controllers.AthleteController.DeleteMeasurement(DateTime date) in D:\Graduation Project\AthleteHub\AthleteHub.Api\Controllers\AthleteController.cs:line 69
   at Microsoft.AspNetCore.Mvc.Infrastructure.ActionMethodExecutor.TaskOfIActionResultExecutor.Execute(ActionContext actionContext, IActionResultTypeMapper mapper, ObjectMethodExecutor executor, Object controller, Object[] arguments)
   at Microsoft.AspNetCore.Mvc.Infrastructure.ControllerActionInvoker.<InvokeActionMethodAsync>g__Awaited|12_0(ControllerActionInvoker invoker, ValueTask`1 actionResultValueTask)
   at Microsoft.AspNetCore.Mvc.Infrastructure.ControllerActionInvoker.<InvokeNextActionFilterAsync>g__Awaited|10_0(ControllerActionInvoker invoker, Task lastTask, State next, Scope scope, Object state, Boolean isCompleted)
   at Microsoft.AspNetCore.Mvc.Infrastructure.ControllerActionInvoker.Rethrow(ActionExecutedContextSealed context)
   at Microsoft.AspNetCore.Mvc.Infrastructure.ControllerActionInvoker.Next(State& next, Scope& scope, Object& state, Boolean& isCompleted)
   at Microsoft.AspNetCore.Mvc.Infrastructure.ControllerActionInvoker.InvokeInnerFilterAsync()
--- End of stack trace from previous location ---
   at Microsoft.AspNetCore.Mvc.Infrastructure.ResourceInvoker.<InvokeFilterPipelineAsync>g__Awaited|20_0(ResourceInvoker invoker, Task lastTask, State next, Scope scope, Object state, Boolean isCompleted)
   at Microsoft.AspNetCore.Mvc.Infrastructure.ResourceInvoker.<InvokeAsync>g__Awaited|17_0(ResourceInvoker invoker, Task task, IDisposable scope)
   at Microsoft.AspNetCore.Mvc.Infrastructure.ResourceInvoker.<InvokeAsync>g__Awaited|17_0(ResourceInvoker invoker, Task task, IDisposable scope)
   at Microsoft.AspNetCore.Authorization.AuthorizationMiddleware.Invoke(HttpContext context)
   at Microsoft.AspNetCore.Authentication.AuthenticationMiddleware.Invoke(HttpContext context)
   at Serilog.AspNetCore.RequestLoggingMiddleware.Invoke(HttpContext httpContext)
   at Swashbuckle.AspNetCore.SwaggerUI.SwaggerUIMiddleware.Invoke(HttpContext httpContext)
   at Swashbuckle.AspNetCore.Swagger.SwaggerMiddleware.Invoke(HttpContext httpContext, ISwaggerProvider swaggerProvider)
   at Microsoft.AspNetCore.Diagnostics.ExceptionHandlerMiddlewareImpl.<Invoke>g__Awaited|10_0(ExceptionHandlerMiddlewareImpl middleware, HttpContext context, Task task)
[Information] 28-06 22:34:07 || 2 servers were removed due to timeout
[Information] 28-06 22:34:07 || Executed DbCommand ("63"ms) [Parameters=["@__normalizedEmail_0='ATHLETE1@ATHLETEHUB.COM' (Size = 256)"], CommandType='Text', CommandTimeout='30']"
""SELECT [t].[Id], [t].[AccessFailedCount], [t].[Bio], [t].[ConcurrencyStamp], [t].[CreatedAt], [t].[DateOfBirth], [t].[Email], [t].[EmailConfirmed], [t].[FirstName], [t].[Gender], [t].[IsActive], [t].[LastName], [t].[LockoutEnabled], [t].[LockoutEnd], [t].[NormalizedEmail], [t].[NormalizedUserName], [t].[PasswordHash], [t].[PhoneNumber], [t].[PhoneNumberConfirmed], [t].[ProfilePicture], [t].[SecurityStamp], [t].[TwoFactorEnabled], [t].[UserName], [r].[ApplicationUserId], [r].[Id], [r].[CreatedOn], [r].[ExpiresOn], [r].[RevokedOn], [r].[Token]
FROM (
    SELECT TOP(2) [a].[Id], [a].[AccessFailedCount], [a].[Bio], [a].[ConcurrencyStamp], [a].[CreatedAt], [a].[DateOfBirth], [a].[Email], [a].[EmailConfirmed], [a].[FirstName], [a].[Gender], [a].[IsActive], [a].[LastName], [a].[LockoutEnabled], [a].[LockoutEnd], [a].[NormalizedEmail], [a].[NormalizedUserName], [a].[PasswordHash], [a].[PhoneNumber], [a].[PhoneNumberConfirmed], [a].[ProfilePicture], [a].[SecurityStamp], [a].[TwoFactorEnabled], [a].[UserName]
    FROM [AspNetUsers] AS [a]
    WHERE [a].[NormalizedEmail] = @__normalizedEmail_0
) AS [t]
LEFT JOIN [RefreshToken] AS [r] ON [t].[Id] = [r].[ApplicationUserId]
ORDER BY [t].[Id], [r].[ApplicationUserId]"
[Information] 28-06 22:34:08 || Executed DbCommand ("14"ms) [Parameters=["@__userId_0='16780a3e-c879-451b-95d0-2296037c14b9' (Size = 450)"], CommandType='Text', CommandTimeout='30']"
""SELECT [a0].[Name]
FROM [AspNetUserRoles] AS [a]
INNER JOIN [AspNetRoles] AS [a0] ON [a].[RoleId] = [a0].[Id]
WHERE [a].[UserId] = @__userId_0"
[Information] 28-06 22:34:08 || Executed DbCommand ("6"ms) [Parameters=["@__user_Id_0='16780a3e-c879-451b-95d0-2296037c14b9' (Size = 450)"], CommandType='Text', CommandTimeout='30']"
""SELECT TOP(1) [a].[Id]
FROM [Athletes] AS [a]
WHERE [a].[ApplicationUserId] = @__user_Id_0"
[Information] 28-06 22:34:08 || Executed DbCommand ("38"ms) [Parameters=["@__user_Id_0='16780a3e-c879-451b-95d0-2296037c14b9' (Size = 450)"], CommandType='Text', CommandTimeout='30']"
""SELECT [a].[Id], [a].[ClaimType], [a].[ClaimValue], [a].[UserId]
FROM [AspNetUserClaims] AS [a]
WHERE [a].[UserId] = @__user_Id_0"
[Information] 28-06 22:34:09 || Executed DbCommand ("7"ms) [Parameters=["@__normalizedUserName_0='ATHLETE1' (Size = 256)"], CommandType='Text', CommandTimeout='30']"
""SELECT [t].[Id], [t].[AccessFailedCount], [t].[Bio], [t].[ConcurrencyStamp], [t].[CreatedAt], [t].[DateOfBirth], [t].[Email], [t].[EmailConfirmed], [t].[FirstName], [t].[Gender], [t].[IsActive], [t].[LastName], [t].[LockoutEnabled], [t].[LockoutEnd], [t].[NormalizedEmail], [t].[NormalizedUserName], [t].[PasswordHash], [t].[PhoneNumber], [t].[PhoneNumberConfirmed], [t].[ProfilePicture], [t].[SecurityStamp], [t].[TwoFactorEnabled], [t].[UserName], [r].[ApplicationUserId], [r].[Id], [r].[CreatedOn], [r].[ExpiresOn], [r].[RevokedOn], [r].[Token]
FROM (
    SELECT TOP(1) [a].[Id], [a].[AccessFailedCount], [a].[Bio], [a].[ConcurrencyStamp], [a].[CreatedAt], [a].[DateOfBirth], [a].[Email], [a].[EmailConfirmed], [a].[FirstName], [a].[Gender], [a].[IsActive], [a].[LastName], [a].[LockoutEnabled], [a].[LockoutEnd], [a].[NormalizedEmail], [a].[NormalizedUserName], [a].[PasswordHash], [a].[PhoneNumber], [a].[PhoneNumberConfirmed], [a].[ProfilePicture], [a].[SecurityStamp], [a].[TwoFactorEnabled], [a].[UserName]
    FROM [AspNetUsers] AS [a]
    WHERE [a].[NormalizedUserName] = @__normalizedUserName_0
) AS [t]
LEFT JOIN [RefreshToken] AS [r] ON [t].[Id] = [r].[ApplicationUserId]
ORDER BY [t].[Id], [r].[ApplicationUserId]"
[Information] 28-06 22:34:09 || Executed DbCommand ("1"ms) [Parameters=["@__normalizedEmail_0='ATHLETE1@ATHLETEHUB.COM' (Size = 256)"], CommandType='Text', CommandTimeout='30']"
""SELECT [t].[Id], [t].[AccessFailedCount], [t].[Bio], [t].[ConcurrencyStamp], [t].[CreatedAt], [t].[DateOfBirth], [t].[Email], [t].[EmailConfirmed], [t].[FirstName], [t].[Gender], [t].[IsActive], [t].[LastName], [t].[LockoutEnabled], [t].[LockoutEnd], [t].[NormalizedEmail], [t].[NormalizedUserName], [t].[PasswordHash], [t].[PhoneNumber], [t].[PhoneNumberConfirmed], [t].[ProfilePicture], [t].[SecurityStamp], [t].[TwoFactorEnabled], [t].[UserName], [r].[ApplicationUserId], [r].[Id], [r].[CreatedOn], [r].[ExpiresOn], [r].[RevokedOn], [r].[Token]
FROM (
    SELECT TOP(2) [a].[Id], [a].[AccessFailedCount], [a].[Bio], [a].[ConcurrencyStamp], [a].[CreatedAt], [a].[DateOfBirth], [a].[Email], [a].[EmailConfirmed], [a].[FirstName], [a].[Gender], [a].[IsActive], [a].[LastName], [a].[LockoutEnabled], [a].[LockoutEnd], [a].[NormalizedEmail], [a].[NormalizedUserName], [a].[PasswordHash], [a].[PhoneNumber], [a].[PhoneNumberConfirmed], [a].[ProfilePicture], [a].[SecurityStamp], [a].[TwoFactorEnabled], [a].[UserName]
    FROM [AspNetUsers] AS [a]
    WHERE [a].[NormalizedEmail] = @__normalizedEmail_0
) AS [t]
LEFT JOIN [RefreshToken] AS [r] ON [t].[Id] = [r].[ApplicationUserId]
ORDER BY [t].[Id], [r].[ApplicationUserId]"
[Information] 28-06 22:34:09 || Executed DbCommand ("19"ms) [Parameters=["@p22='16780a3e-c879-451b-95d0-2296037c14b9' (Nullable = false) (Size = 450), @p0='0', @p1=NULL (Size = 4000), @p2='9d52ca36-495d-4fa9-a406-c2202f570206' (Size = 4000), @p23='cb48ef89-1fff-45f8-b283-3214098e9ec9' (Size = 4000), @p3='2024-06-22T21:54:29.5702119', @p4='02/02/2000' (DbType = Date), @p5='athlete1@athletehub.com' (Size = 256), @p6='True', @p7='athlete' (Nullable = false) (Size = 100), @p8='0', @p9='True', @p10='athlete' (Nullable = false) (Size = 100), @p11='True', @p12=NULL (DbType = DateTimeOffset), @p13='ATHLETE1@ATHLETEHUB.COM' (Size = 256), @p14='ATHLETE1' (Size = 256), @p15='AQAAAAIAAYagAAAAEPWWDYkof0zUK4v/zfTx6As0zoECyuJhNbum1CFZXgAUKBC7BbaKqx47daHIA+vmJw==' (Size = 4000), @p16='' (Nullable = false) (Size = 15), @p17='False', @p18=NULL (Size = 4000), @p19='JB7NP3AA524ZBHXQHDZ4XQ3ELDFTJFBG' (Size = 4000), @p20='False', @p21='athlete1' (Size = 256), @p24='16780a3e-c879-451b-95d0-2296037c14b9' (Nullable = false) (Size = 450), @p25='2024-06-28T19:34:09.0037712Z', @p26='2024-06-29T19:34:09.0040375Z', @p27=NULL (DbType = DateTime2), @p28='7nZUH4EWjn32cbiBgFnyGbu0KmqZccOZlOKH4PE%2BU3A%3D' (Nullable = false) (Size = 4000)"], CommandType='Text', CommandTimeout='30']"
""SET NOCOUNT ON;
UPDATE [AspNetUsers] SET [AccessFailedCount] = @p0, [Bio] = @p1, [ConcurrencyStamp] = @p2, [CreatedAt] = @p3, [DateOfBirth] = @p4, [Email] = @p5, [EmailConfirmed] = @p6, [FirstName] = @p7, [Gender] = @p8, [IsActive] = @p9, [LastName] = @p10, [LockoutEnabled] = @p11, [LockoutEnd] = @p12, [NormalizedEmail] = @p13, [NormalizedUserName] = @p14, [PasswordHash] = @p15, [PhoneNumber] = @p16, [PhoneNumberConfirmed] = @p17, [ProfilePicture] = @p18, [SecurityStamp] = @p19, [TwoFactorEnabled] = @p20, [UserName] = @p21
OUTPUT 1
WHERE [Id] = @p22 AND [ConcurrencyStamp] = @p23;
INSERT INTO [RefreshToken] ([ApplicationUserId], [CreatedOn], [ExpiresOn], [RevokedOn], [Token])
OUTPUT INSERTED.[Id]
VALUES (@p24, @p25, @p26, @p27, @p28);"
[Information] 28-06 22:34:09 || HTTP "POST" "/api/Identity/login" responded 200 in 2742.2960 ms
[Information] 28-06 22:34:47 || Executed DbCommand ("46"ms) [Parameters=["@__currentUser_Id_0='16780a3e-c879-451b-95d0-2296037c14b9' (Size = 450)"], CommandType='Text', CommandTimeout='30']"
""SELECT [t].[Id], [t].[ApplicationUserId], [t].[HeightInCm], [m].[AthleteId], [m].[Date], [m].[BMI], [m].[BenchPressWeight], [m].[BodyFatPercentage], [m].[DeadliftWeight], [m].[SquatWeight], [m].[WeightInKg]
FROM (
    SELECT TOP(1) [a].[Id], [a].[ApplicationUserId], [a].[HeightInCm]
    FROM [Athletes] AS [a]
    WHERE [a].[ApplicationUserId] = @__currentUser_Id_0
) AS [t]
LEFT JOIN [Measurements] AS [m] ON [t].[Id] = [m].[AthleteId]
ORDER BY [t].[Id], [m].[AthleteId]"
[Information] 28-06 22:34:47 || Executed DbCommand ("37"ms) [Parameters=["@p0='1', @p1='06/08/2024' (DbType = Date)"], CommandType='Text', CommandTimeout='30']"
""SET IMPLICIT_TRANSACTIONS OFF;
SET NOCOUNT ON;
DELETE FROM [Measurements]
OUTPUT 1
WHERE [AthleteId] = @p0 AND [Date] = @p1;"
[Information] 28-06 22:34:47 || Delete Measurement Command Was executed, deleted restaurant: Measurement { AthleteId: 1, Date: 06/08/2024, WeightInKg: 75.00, BodyFatPercentage: 17.00, BMI: 23.50, BenchPressWeight: 110, SquatWeight: 130, DeadliftWeight: 150, Athlete: Athlete { Id: 1, ApplicationUserId: "16780a3e-c879-451b-95d0-2296037c14b9", ApplicationUser: null, HeightInCm: 0.00, AthletesCoaches: [], AthletesActiveSubscribtions: [], Posts: null, Measurements: [Measurement { AthleteId: 1, Date: 06/01/2024, WeightInKg: 70.50, BodyFatPercentage: 15.50, BMI: 22.00, BenchPressWeight: 100, SquatWeight: 120, DeadliftWeight: 140, Athlete: Athlete { Id: 1, ApplicationUserId: "16780a3e-c879-451b-95d0-2296037c14b9", ApplicationUser: null, HeightInCm: 0.00, AthletesCoaches: [], AthletesActiveSubscribtions: [], Posts: null, Measurements: [Measurement { AthleteId: 1, Date: 06/01/2024, WeightInKg: 70.50, BodyFatPercentage: 15.50, BMI: 22.00, BenchPressWeight: 100, SquatWeight: 120, DeadliftWeight: 140, Athlete: Athlete { Id: 1, ApplicationUserId: "16780a3e-c879-451b-95d0-2296037c14b9", ApplicationUser: null, HeightInCm: 0.00, AthletesCoaches: [], AthletesActiveSubscribtions: [], Posts: null, Measurements: [Measurement { AthleteId: null, Date: null, WeightInKg: null, BodyFatPercentage: null, BMI: null, BenchPressWeight: null, SquatWeight: null, DeadliftWeight: null, Athlete: null }, Measurement { AthleteId: null, Date: null, WeightInKg: null, BodyFatPercentage: null, BMI: null, BenchPressWeight: null, SquatWeight: null, DeadliftWeight: null, Athlete: null }, Measurement { AthleteId: null, Date: null, WeightInKg: null, BodyFatPercentage: null, BMI: null, BenchPressWeight: null, SquatWeight: null, DeadliftWeight: null, Athlete: null }], AthletesFavouriteCoaches: null, CoachesRatings: null, CoachesBlockedAthletees: null } }, Measurement { AthleteId: 1, Date: 06/15/2024, WeightInKg: 80.00, BodyFatPercentage: 18.00, BMI: 25.00, BenchPressWeight: 120, SquatWeight: 140, DeadliftWeight: 160, Athlete: Athlete { Id: 1, ApplicationUserId: "16780a3e-c879-451b-95d0-2296037c14b9", ApplicationUser: null, HeightInCm: 0.00, AthletesCoaches: [], AthletesActiveSubscribtions: [], Posts: null, Measurements: [Measurement { AthleteId: null, Date: null, WeightInKg: null, BodyFatPercentage: null, BMI: null, BenchPressWeight: null, SquatWeight: null, DeadliftWeight: null, Athlete: null }, Measurement { AthleteId: null, Date: null, WeightInKg: null, BodyFatPercentage: null, BMI: null, BenchPressWeight: null, SquatWeight: null, DeadliftWeight: null, Athlete: null }, Measurement { AthleteId: null, Date: null, WeightInKg: null, BodyFatPercentage: null, BMI: null, BenchPressWeight: null, SquatWeight: null, DeadliftWeight: null, Athlete: null }], AthletesFavouriteCoaches: null, CoachesRatings: null, CoachesBlockedAthletees: null } }, Measurement { AthleteId: 1, Date: 06/21/2024, WeightInKg: 85.00, BodyFatPercentage: 19.00, BMI: 26.50, BenchPressWeight: 130, SquatWeight: 150, DeadliftWeight: 170, Athlete: Athlete { Id: 1, ApplicationUserId: "16780a3e-c879-451b-95d0-2296037c14b9", ApplicationUser: null, HeightInCm: 0.00, AthletesCoaches: [], AthletesActiveSubscribtions: [], Posts: null, Measurements: [Measurement { AthleteId: null, Date: null, WeightInKg: null, BodyFatPercentage: null, BMI: null, BenchPressWeight: null, SquatWeight: null, DeadliftWeight: null, Athlete: null }, Measurement { AthleteId: null, Date: null, WeightInKg: null, BodyFatPercentage: null, BMI: null, BenchPressWeight: null, SquatWeight: null, DeadliftWeight: null, Athlete: null }, Measurement { AthleteId: null, Date: null, WeightInKg: null, BodyFatPercentage: null, BMI: null, BenchPressWeight: null, SquatWeight: null, DeadliftWeight: null, Athlete: null }], AthletesFavouriteCoaches: null, CoachesRatings: null, CoachesBlockedAthletees: null } }], AthletesFavouriteCoaches: null, CoachesRatings: null, CoachesBlockedAthletees: null } }, Measurement { AthleteId: 1, Date: 06/15/2024, WeightInKg: 80.00, BodyFatPercentage: 18.00, BMI: 25.00, BenchPressWeight: 120, SquatWeight: 140, DeadliftWeight: 160, Athlete: Athlete { Id: 1, ApplicationUserId: "16780a3e-c879-451b-95d0-2296037c14b9", ApplicationUser: null, HeightInCm: 0.00, AthletesCoaches: [], AthletesActiveSubscribtions: [], Posts: null, Measurements: [Measurement { AthleteId: 1, Date: 06/01/2024, WeightInKg: 70.50, BodyFatPercentage: 15.50, BMI: 22.00, BenchPressWeight: 100, SquatWeight: 120, DeadliftWeight: 140, Athlete: Athlete { Id: 1, ApplicationUserId: "16780a3e-c879-451b-95d0-2296037c14b9", ApplicationUser: null, HeightInCm: 0.00, AthletesCoaches: [], AthletesActiveSubscribtions: [], Posts: null, Measurements: [Measurement { AthleteId: null, Date: null, WeightInKg: null, BodyFatPercentage: null, BMI: null, BenchPressWeight: null, SquatWeight: null, DeadliftWeight: null, Athlete: null }, Measurement { AthleteId: null, Date: null, WeightInKg: null, BodyFatPercentage: null, BMI: null, BenchPressWeight: null, SquatWeight: null, DeadliftWeight: null, Athlete: null }, Measurement { AthleteId: null, Date: null, WeightInKg: null, BodyFatPercentage: null, BMI: null, BenchPressWeight: null, SquatWeight: null, DeadliftWeight: null, Athlete: null }], AthletesFavouriteCoaches: null, CoachesRatings: null, CoachesBlockedAthletees: null } }, Measurement { AthleteId: 1, Date: 06/15/2024, WeightInKg: 80.00, BodyFatPercentage: 18.00, BMI: 25.00, BenchPressWeight: 120, SquatWeight: 140, DeadliftWeight: 160, Athlete: Athlete { Id: 1, ApplicationUserId: "16780a3e-c879-451b-95d0-2296037c14b9", ApplicationUser: null, HeightInCm: 0.00, AthletesCoaches: [], AthletesActiveSubscribtions: [], Posts: null, Measurements: [Measurement { AthleteId: null, Date: null, WeightInKg: null, BodyFatPercentage: null, BMI: null, BenchPressWeight: null, SquatWeight: null, DeadliftWeight: null, Athlete: null }, Measurement { AthleteId: null, Date: null, WeightInKg: null, BodyFatPercentage: null, BMI: null, BenchPressWeight: null, SquatWeight: null, DeadliftWeight: null, Athlete: null }, Measurement { AthleteId: null, Date: null, WeightInKg: null, BodyFatPercentage: null, BMI: null, BenchPressWeight: null, SquatWeight: null, DeadliftWeight: null, Athlete: null }], AthletesFavouriteCoaches: null, CoachesRatings: null, CoachesBlockedAthletees: null } }, Measurement { AthleteId: 1, Date: 06/21/2024, WeightInKg: 85.00, BodyFatPercentage: 19.00, BMI: 26.50, BenchPressWeight: 130, SquatWeight: 150, DeadliftWeight: 170, Athlete: Athlete { Id: 1, ApplicationUserId: "16780a3e-c879-451b-95d0-2296037c14b9", ApplicationUser: null, HeightInCm: 0.00, AthletesCoaches: [], AthletesActiveSubscribtions: [], Posts: null, Measurements: [Measurement { AthleteId: null, Date: null, WeightInKg: null, BodyFatPercentage: null, BMI: null, BenchPressWeight: null, SquatWeight: null, DeadliftWeight: null, Athlete: null }, Measurement { AthleteId: null, Date: null, WeightInKg: null, BodyFatPercentage: null, BMI: null, BenchPressWeight: null, SquatWeight: null, DeadliftWeight: null, Athlete: null }, Measurement { AthleteId: null, Date: null, WeightInKg: null, BodyFatPercentage: null, BMI: null, BenchPressWeight: null, SquatWeight: null, DeadliftWeight: null, Athlete: null }], AthletesFavouriteCoaches: null, CoachesRatings: null, CoachesBlockedAthletees: null } }], AthletesFavouriteCoaches: null, CoachesRatings: null, CoachesBlockedAthletees: null } }, Measurement { AthleteId: 1, Date: 06/21/2024, WeightInKg: 85.00, BodyFatPercentage: 19.00, BMI: 26.50, BenchPressWeight: 130, SquatWeight: 150, DeadliftWeight: 170, Athlete: Athlete { Id: 1, ApplicationUserId: "16780a3e-c879-451b-95d0-2296037c14b9", ApplicationUser: null, HeightInCm: 0.00, AthletesCoaches: [], AthletesActiveSubscribtions: [], Posts: null, Measurements: [Measurement { AthleteId: 1, Date: 06/01/2024, WeightInKg: 70.50, BodyFatPercentage: 15.50, BMI: 22.00, BenchPressWeight: 100, SquatWeight: 120, DeadliftWeight: 140, Athlete: Athlete { Id: 1, ApplicationUserId: "16780a3e-c879-451b-95d0-2296037c14b9", ApplicationUser: null, HeightInCm: 0.00, AthletesCoaches: [], AthletesActiveSubscribtions: [], Posts: null, Measurements: [Measurement { AthleteId: null, Date: null, WeightInKg: null, BodyFatPercentage: null, BMI: null, BenchPressWeight: null, SquatWeight: null, DeadliftWeight: null, Athlete: null }, Measurement { AthleteId: null, Date: null, WeightInKg: null, BodyFatPercentage: null, BMI: null, BenchPressWeight: null, SquatWeight: null, DeadliftWeight: null, Athlete: null }, Measurement { AthleteId: null, Date: null, WeightInKg: null, BodyFatPercentage: null, BMI: null, BenchPressWeight: null, SquatWeight: null, DeadliftWeight: null, Athlete: null }], AthletesFavouriteCoaches: null, CoachesRatings: null, CoachesBlockedAthletees: null } }, Measurement { AthleteId: 1, Date: 06/15/2024, WeightInKg: 80.00, BodyFatPercentage: 18.00, BMI: 25.00, BenchPressWeight: 120, SquatWeight: 140, DeadliftWeight: 160, Athlete: Athlete { Id: 1, ApplicationUserId: "16780a3e-c879-451b-95d0-2296037c14b9", ApplicationUser: null, HeightInCm: 0.00, AthletesCoaches: [], AthletesActiveSubscribtions: [], Posts: null, Measurements: [Measurement { AthleteId: null, Date: null, WeightInKg: null, BodyFatPercentage: null, BMI: null, BenchPressWeight: null, SquatWeight: null, DeadliftWeight: null, Athlete: null }, Measurement { AthleteId: null, Date: null, WeightInKg: null, BodyFatPercentage: null, BMI: null, BenchPressWeight: null, SquatWeight: null, DeadliftWeight: null, Athlete: null }, Measurement { AthleteId: null, Date: null, WeightInKg: null, BodyFatPercentage: null, BMI: null, BenchPressWeight: null, SquatWeight: null, DeadliftWeight: null, Athlete: null }], AthletesFavouriteCoaches: null, CoachesRatings: null, CoachesBlockedAthletees: null } }, Measurement { AthleteId: 1, Date: 06/21/2024, WeightInKg: 85.00, BodyFatPercentage: 19.00, BMI: 26.50, BenchPressWeight: 130, SquatWeight: 150, DeadliftWeight: 170, Athlete: Athlete { Id: 1, ApplicationUserId: "16780a3e-c879-451b-95d0-2296037c14b9", ApplicationUser: null, HeightInCm: 0.00, AthletesCoaches: [], AthletesActiveSubscribtions: [], Posts: null, Measurements: [Measurement { AthleteId: null, Date: null, WeightInKg: null, BodyFatPercentage: null, BMI: null, BenchPressWeight: null, SquatWeight: null, DeadliftWeight: null, Athlete: null }, Measurement { AthleteId: null, Date: null, WeightInKg: null, BodyFatPercentage: null, BMI: null, BenchPressWeight: null, SquatWeight: null, DeadliftWeight: null, Athlete: null }, Measurement { AthleteId: null, Date: null, WeightInKg: null, BodyFatPercentage: null, BMI: null, BenchPressWeight: null, SquatWeight: null, DeadliftWeight: null, Athlete: null }], AthletesFavouriteCoaches: null, CoachesRatings: null, CoachesBlockedAthletees: null } }], AthletesFavouriteCoaches: null, CoachesRatings: null, CoachesBlockedAthletees: null } }], AthletesFavouriteCoaches: null, CoachesRatings: null, CoachesBlockedAthletees: null } }
[Information] 28-06 22:34:47 || HTTP "DELETE" "/api/Athlete/Measurement" responded 204 in 695.9286 ms
