[Warning] 27-06 23:01:34 || Sensitive data logging is enabled. Log entries and exception messages may include sensitive application data; this mode should only be enabled during development.
[Warning] 27-06 23:01:34 || No store type was specified for the decimal property '"OverallRating"' on entity type '"Coach"'. This will cause values to be silently truncated if they do not fit in the default precision and scale. Explicitly specify the SQL server column type that can accommodate all the values in 'OnModelCreating' using 'HasColumnType', specify precision and scale using 'HasPrecision', or configure a value converter using 'HasConversion'.
[Information] 27-06 23:01:34 || Executed DbCommand ("1"ms) [Parameters=[""], CommandType='Text', CommandTimeout='30']"
""SELECT 1"
[Information] 27-06 23:01:34 || Executed DbCommand ("2"ms) [Parameters=[""], CommandType='Text', CommandTimeout='30']"
""SELECT OBJECT_ID(N'[__EFMigrationsHistory]');"
[Information] 27-06 23:01:34 || Executed DbCommand ("3"ms) [Parameters=[""], CommandType='Text', CommandTimeout='30']"
""SELECT [MigrationId], [ProductVersion]
FROM [__EFMigrationsHistory]
ORDER BY [MigrationId];"
[Information] 27-06 23:01:34 || Executed DbCommand ("6"ms) [Parameters=[""], CommandType='Text', CommandTimeout='30']"
""SELECT 1"
[Information] 27-06 23:01:35 || Executed DbCommand ("4"ms) [Parameters=[""], CommandType='Text', CommandTimeout='30']"
""SELECT CASE
    WHEN EXISTS (
        SELECT 1
        FROM [AspNetRoles] AS [a]) THEN CAST(1 AS bit)
    ELSE CAST(0 AS bit)
END"
[Information] 27-06 23:01:35 || Executed DbCommand ("4"ms) [Parameters=[""], CommandType='Text', CommandTimeout='30']"
""SELECT CASE
    WHEN EXISTS (
        SELECT 1
        FROM [AspNetUsers] AS [a]) THEN CAST(1 AS bit)
    ELSE CAST(0 AS bit)
END"
[Information] 27-06 23:01:35 || Executed DbCommand ("3"ms) [Parameters=[""], CommandType='Text', CommandTimeout='30']"
""SELECT CASE
    WHEN EXISTS (
        SELECT 1
        FROM [Features] AS [f]) THEN CAST(1 AS bit)
    ELSE CAST(0 AS bit)
END"
[Information] 27-06 23:01:35 || Start installing Hangfire SQL objects...
[Information] 27-06 23:01:35 || Hangfire SQL objects installed.
[Information] 27-06 23:01:35 || Starting Hangfire Server using job storage: 'SQL Server: .@AthleteHubDb'
[Information] 27-06 23:01:35 || Using the following options for SQL Server job storage: Queue poll interval: 08:00:00.
[Information] 27-06 23:01:35 || Using the following options for Hangfire Server:
    Worker count: 20
    Listening queues: 'default'
    Shutdown timeout: 00:00:15
    Schedule polling interval: 00:00:15
[Information] 27-06 23:01:35 || Server laptop-q547jk4h:35752:3f6e8d1d successfully announced in 15.4856 ms
[Information] 27-06 23:01:35 || Server laptop-q547jk4h:35752:3f6e8d1d is starting the registered dispatchers: ServerWatchdog, ServerJobCancellationWatcher, ExpirationManager, CountersAggregator, SqlServerHeartbeatProcess, Worker, DelayedJobScheduler, RecurringJobScheduler...
[Information] 27-06 23:01:35 || 1 servers were removed due to timeout
[Information] 27-06 23:01:35 || Server laptop-q547jk4h:35752:3f6e8d1d all the dispatchers started
[Information] 27-06 23:01:36 || Executed DbCommand ("25"ms) [Parameters=["@__today_0='06/27/2024' (DbType = Date)"], CommandType='Text', CommandTimeout='30']"
""SELECT [a].[AthleteId], [a].[SubscribtionId], [a].[PaymentIntentId], [a].[SubscribtionEndDate], [a].[SubscribtionStartDate], [s].[Id], [s].[CoachId], [s].[DurationInMonths], [s].[Name], [s].[price]
FROM [AthleteActiveSubscribtions] AS [a]
INNER JOIN [Subscribtions] AS [s] ON [a].[SubscribtionId] = [s].[Id]
WHERE [a].[SubscribtionEndDate] <= @__today_0"
[Warning] 27-06 23:02:01 || Failed to determine the https port for redirect.
[Information] 27-06 23:02:02 || Executed DbCommand ("6"ms) [Parameters=[""], CommandType='Text', CommandTimeout='30']"
""SELECT COUNT(*)
FROM [Coaches] AS [c]"
[Warning] 27-06 23:02:02 || Compiling a query which loads related collections for more than one collection navigation, either via 'Include' or through projection, but no 'QuerySplittingBehavior' has been configured. By default, Entity Framework will use 'QuerySplittingBehavior.SingleQuery', which can potentially result in slow query performance. See https://go.microsoft.com/fwlink/?linkid=2134277 for more information. To identify the query that's triggering this warning call 'ConfigureWarnings(w => w.Throw(RelationalEventId.MultipleCollectionIncludeWarning))'.
[Information] 27-06 23:02:02 || Executed DbCommand ("31"ms) [Parameters=["@__p_0='0', @__p_1='5'"], CommandType='Text', CommandTimeout='30']"
""SELECT [t].[Id], [t].[ApplicationUserId], [t].[Certificate], [t].[IsApproved], [t].[IsSuspended], [t].[OverallRating], [t].[RatingsCount], [a].[Id], [a].[AccessFailedCount], [a].[Bio], [a].[ConcurrencyStamp], [a].[CreatedAt], [a].[DateOfBirth], [a].[Email], [a].[EmailConfirmed], [a].[FirstName], [a].[Gender], [a].[IsActive], [a].[LastName], [a].[LockoutEnabled], [a].[LockoutEnd], [a].[NormalizedEmail], [a].[NormalizedUserName], [a].[PasswordHash], [a].[PhoneNumber], [a].[PhoneNumberConfirmed], [a].[ProfilePicture], [a].[SecurityStamp], [a].[TwoFactorEnabled], [a].[UserName], [r].[ApplicationUserId], [r].[Id], [r].[CreatedOn], [r].[ExpiresOn], [r].[RevokedOn], [r].[Token], [t0].[Id], [t0].[CoachId], [t0].[DurationInMonths], [t0].[Name], [t0].[price], [t0].[SubscribtionId], [t0].[FeatureId]
FROM (
    SELECT [c].[Id], [c].[ApplicationUserId], [c].[Certificate], [c].[IsApproved], [c].[IsSuspended], [c].[OverallRating], [c].[RatingsCount]
    FROM [Coaches] AS [c]
    ORDER BY [c].[OverallRating]
    OFFSET @__p_0 ROWS FETCH NEXT @__p_1 ROWS ONLY
) AS [t]
INNER JOIN [AspNetUsers] AS [a] ON [t].[ApplicationUserId] = [a].[Id]
LEFT JOIN [RefreshToken] AS [r] ON [a].[Id] = [r].[ApplicationUserId]
LEFT JOIN (
    SELECT [s].[Id], [s].[CoachId], [s].[DurationInMonths], [s].[Name], [s].[price], [s0].[SubscribtionId], [s0].[FeatureId]
    FROM [Subscribtions] AS [s]
    LEFT JOIN [SubscribtionFeatures] AS [s0] ON [s].[Id] = [s0].[SubscribtionId]
) AS [t0] ON [t].[Id] = [t0].[CoachId]
ORDER BY [t].[OverallRating], [t].[Id], [a].[Id], [r].[ApplicationUserId], [r].[Id], [t0].[Id], [t0].[SubscribtionId]"
[Information] 27-06 23:02:03 || HTTP "GET" "/api/coaches" responded 200 in 1147.2825 ms
[Information] 27-06 23:02:22 || Executed DbCommand ("25"ms) [Parameters=[""], CommandType='Text', CommandTimeout='30']"
""SELECT COUNT(*)
FROM [Coaches] AS [c]
INNER JOIN [AspNetUsers] AS [a] ON [c].[ApplicationUserId] = [a].[Id]
WHERE [a].[Gender] = 1"
[Warning] 27-06 23:02:22 || Compiling a query which loads related collections for more than one collection navigation, either via 'Include' or through projection, but no 'QuerySplittingBehavior' has been configured. By default, Entity Framework will use 'QuerySplittingBehavior.SingleQuery', which can potentially result in slow query performance. See https://go.microsoft.com/fwlink/?linkid=2134277 for more information. To identify the query that's triggering this warning call 'ConfigureWarnings(w => w.Throw(RelationalEventId.MultipleCollectionIncludeWarning))'.
[Information] 27-06 23:02:22 || Executed DbCommand ("22"ms) [Parameters=["@__p_0='0', @__p_1='5'"], CommandType='Text', CommandTimeout='30']"
""SELECT [t].[Id], [t].[ApplicationUserId], [t].[Certificate], [t].[IsApproved], [t].[IsSuspended], [t].[OverallRating], [t].[RatingsCount], [t].[Id0], [t].[AccessFailedCount], [t].[Bio], [t].[ConcurrencyStamp], [t].[CreatedAt], [t].[DateOfBirth], [t].[Email], [t].[EmailConfirmed], [t].[FirstName], [t].[Gender], [t].[IsActive], [t].[LastName], [t].[LockoutEnabled], [t].[LockoutEnd], [t].[NormalizedEmail], [t].[NormalizedUserName], [t].[PasswordHash], [t].[PhoneNumber], [t].[PhoneNumberConfirmed], [t].[ProfilePicture], [t].[SecurityStamp], [t].[TwoFactorEnabled], [t].[UserName], [r].[ApplicationUserId], [r].[Id], [r].[CreatedOn], [r].[ExpiresOn], [r].[RevokedOn], [r].[Token], [t0].[Id], [t0].[CoachId], [t0].[DurationInMonths], [t0].[Name], [t0].[price], [t0].[SubscribtionId], [t0].[FeatureId]
FROM (
    SELECT [c].[Id], [c].[ApplicationUserId], [c].[Certificate], [c].[IsApproved], [c].[IsSuspended], [c].[OverallRating], [c].[RatingsCount], [a].[Id] AS [Id0], [a].[AccessFailedCount], [a].[Bio], [a].[ConcurrencyStamp], [a].[CreatedAt], [a].[DateOfBirth], [a].[Email], [a].[EmailConfirmed], [a].[FirstName], [a].[Gender], [a].[IsActive], [a].[LastName], [a].[LockoutEnabled], [a].[LockoutEnd], [a].[NormalizedEmail], [a].[NormalizedUserName], [a].[PasswordHash], [a].[PhoneNumber], [a].[PhoneNumberConfirmed], [a].[ProfilePicture], [a].[SecurityStamp], [a].[TwoFactorEnabled], [a].[UserName]
    FROM [Coaches] AS [c]
    INNER JOIN [AspNetUsers] AS [a] ON [c].[ApplicationUserId] = [a].[Id]
    WHERE [a].[Gender] = 1
    ORDER BY [c].[OverallRating]
    OFFSET @__p_0 ROWS FETCH NEXT @__p_1 ROWS ONLY
) AS [t]
LEFT JOIN [RefreshToken] AS [r] ON [t].[Id0] = [r].[ApplicationUserId]
LEFT JOIN (
    SELECT [s].[Id], [s].[CoachId], [s].[DurationInMonths], [s].[Name], [s].[price], [s0].[SubscribtionId], [s0].[FeatureId]
    FROM [Subscribtions] AS [s]
    LEFT JOIN [SubscribtionFeatures] AS [s0] ON [s].[Id] = [s0].[SubscribtionId]
) AS [t0] ON [t].[Id] = [t0].[CoachId]
ORDER BY [t].[OverallRating], [t].[Id], [t].[Id0], [r].[ApplicationUserId], [r].[Id], [t0].[Id], [t0].[SubscribtionId]"
[Error] 27-06 23:02:22 || HTTP "GET" "/api/coaches" responded 404 in 114.0035 ms
[Warning] 27-06 23:21:47 || Sensitive data logging is enabled. Log entries and exception messages may include sensitive application data; this mode should only be enabled during development.
[Warning] 27-06 23:21:47 || No store type was specified for the decimal property '"OverallRating"' on entity type '"Coach"'. This will cause values to be silently truncated if they do not fit in the default precision and scale. Explicitly specify the SQL server column type that can accommodate all the values in 'OnModelCreating' using 'HasColumnType', specify precision and scale using 'HasPrecision', or configure a value converter using 'HasConversion'.
[Information] 27-06 23:21:47 || Executed DbCommand ("1"ms) [Parameters=[""], CommandType='Text', CommandTimeout='30']"
""SELECT 1"
[Information] 27-06 23:21:47 || Executed DbCommand ("4"ms) [Parameters=[""], CommandType='Text', CommandTimeout='30']"
""SELECT OBJECT_ID(N'[__EFMigrationsHistory]');"
[Information] 27-06 23:21:47 || Executed DbCommand ("3"ms) [Parameters=[""], CommandType='Text', CommandTimeout='30']"
""SELECT [MigrationId], [ProductVersion]
FROM [__EFMigrationsHistory]
ORDER BY [MigrationId];"
[Information] 27-06 23:21:47 || Executed DbCommand ("16"ms) [Parameters=[""], CommandType='Text', CommandTimeout='30']"
""SELECT 1"
[Information] 27-06 23:21:47 || Executed DbCommand ("13"ms) [Parameters=[""], CommandType='Text', CommandTimeout='30']"
""SELECT CASE
    WHEN EXISTS (
        SELECT 1
        FROM [AspNetRoles] AS [a]) THEN CAST(1 AS bit)
    ELSE CAST(0 AS bit)
END"
[Information] 27-06 23:21:47 || Executed DbCommand ("4"ms) [Parameters=[""], CommandType='Text', CommandTimeout='30']"
""SELECT CASE
    WHEN EXISTS (
        SELECT 1
        FROM [AspNetUsers] AS [a]) THEN CAST(1 AS bit)
    ELSE CAST(0 AS bit)
END"
[Information] 27-06 23:21:47 || Executed DbCommand ("4"ms) [Parameters=[""], CommandType='Text', CommandTimeout='30']"
""SELECT CASE
    WHEN EXISTS (
        SELECT 1
        FROM [Features] AS [f]) THEN CAST(1 AS bit)
    ELSE CAST(0 AS bit)
END"
[Information] 27-06 23:21:47 || Start installing Hangfire SQL objects...
[Information] 27-06 23:21:47 || Hangfire SQL objects installed.
[Information] 27-06 23:21:47 || Starting Hangfire Server using job storage: 'SQL Server: .@AthleteHubDb'
[Information] 27-06 23:21:47 || Using the following options for SQL Server job storage: Queue poll interval: 08:00:00.
[Information] 27-06 23:21:47 || Using the following options for Hangfire Server:
    Worker count: 20
    Listening queues: 'default'
    Shutdown timeout: 00:00:15
    Schedule polling interval: 00:00:15
[Information] 27-06 23:21:47 || Server laptop-q547jk4h:45376:44489262 successfully announced in 14.6331 ms
[Information] 27-06 23:21:47 || Server laptop-q547jk4h:45376:44489262 is starting the registered dispatchers: ServerWatchdog, ServerJobCancellationWatcher, ExpirationManager, CountersAggregator, SqlServerHeartbeatProcess, Worker, DelayedJobScheduler, RecurringJobScheduler...
[Information] 27-06 23:21:47 || Server laptop-q547jk4h:45376:44489262 all the dispatchers started
[Warning] 27-06 23:22:03 || Failed to determine the https port for redirect.
[Information] 27-06 23:22:03 || Executed DbCommand ("33"ms) [Parameters=["@__SearchCritrea_0_contains='%bbbbb%' (Size = 100), @__SearchCritrea_0_contains_1='%bbbbb%' (Size = 256)"], CommandType='Text', CommandTimeout='30']"
""SELECT COUNT(*)
FROM [Coaches] AS [c]
INNER JOIN [AspNetUsers] AS [a] ON [c].[ApplicationUserId] = [a].[Id]
WHERE [a].[FirstName] LIKE @__SearchCritrea_0_contains ESCAPE N'\' OR [a].[FirstName] LIKE @__SearchCritrea_0_contains ESCAPE N'\' OR [a].[UserName] LIKE @__SearchCritrea_0_contains_1 ESCAPE N'\' OR [a].[Email] LIKE @__SearchCritrea_0_contains_1 ESCAPE N'\'"
[Warning] 27-06 23:22:03 || Compiling a query which loads related collections for more than one collection navigation, either via 'Include' or through projection, but no 'QuerySplittingBehavior' has been configured. By default, Entity Framework will use 'QuerySplittingBehavior.SingleQuery', which can potentially result in slow query performance. See https://go.microsoft.com/fwlink/?linkid=2134277 for more information. To identify the query that's triggering this warning call 'ConfigureWarnings(w => w.Throw(RelationalEventId.MultipleCollectionIncludeWarning))'.
[Information] 27-06 23:22:03 || Executed DbCommand ("30"ms) [Parameters=["@__SearchCritrea_0_contains='%bbbbb%' (Size = 100), @__SearchCritrea_0_contains_1='%bbbbb%' (Size = 256), @__p_2='0', @__p_3='5'"], CommandType='Text', CommandTimeout='30']"
""SELECT [t].[Id], [t].[ApplicationUserId], [t].[Certificate], [t].[IsApproved], [t].[IsSuspended], [t].[OverallRating], [t].[RatingsCount], [t].[Id0], [t].[AccessFailedCount], [t].[Bio], [t].[ConcurrencyStamp], [t].[CreatedAt], [t].[DateOfBirth], [t].[Email], [t].[EmailConfirmed], [t].[FirstName], [t].[Gender], [t].[IsActive], [t].[LastName], [t].[LockoutEnabled], [t].[LockoutEnd], [t].[NormalizedEmail], [t].[NormalizedUserName], [t].[PasswordHash], [t].[PhoneNumber], [t].[PhoneNumberConfirmed], [t].[ProfilePicture], [t].[SecurityStamp], [t].[TwoFactorEnabled], [t].[UserName], [r].[ApplicationUserId], [r].[Id], [r].[CreatedOn], [r].[ExpiresOn], [r].[RevokedOn], [r].[Token], [t0].[Id], [t0].[CoachId], [t0].[DurationInMonths], [t0].[Name], [t0].[price], [t0].[SubscribtionId], [t0].[FeatureId]
FROM (
    SELECT [c].[Id], [c].[ApplicationUserId], [c].[Certificate], [c].[IsApproved], [c].[IsSuspended], [c].[OverallRating], [c].[RatingsCount], [a].[Id] AS [Id0], [a].[AccessFailedCount], [a].[Bio], [a].[ConcurrencyStamp], [a].[CreatedAt], [a].[DateOfBirth], [a].[Email], [a].[EmailConfirmed], [a].[FirstName], [a].[Gender], [a].[IsActive], [a].[LastName], [a].[LockoutEnabled], [a].[LockoutEnd], [a].[NormalizedEmail], [a].[NormalizedUserName], [a].[PasswordHash], [a].[PhoneNumber], [a].[PhoneNumberConfirmed], [a].[ProfilePicture], [a].[SecurityStamp], [a].[TwoFactorEnabled], [a].[UserName]
    FROM [Coaches] AS [c]
    INNER JOIN [AspNetUsers] AS [a] ON [c].[ApplicationUserId] = [a].[Id]
    WHERE [a].[FirstName] LIKE @__SearchCritrea_0_contains ESCAPE N'\' OR [a].[FirstName] LIKE @__SearchCritrea_0_contains ESCAPE N'\' OR [a].[UserName] LIKE @__SearchCritrea_0_contains_1 ESCAPE N'\' OR [a].[Email] LIKE @__SearchCritrea_0_contains_1 ESCAPE N'\'
    ORDER BY [c].[OverallRating]
    OFFSET @__p_2 ROWS FETCH NEXT @__p_3 ROWS ONLY
) AS [t]
LEFT JOIN [RefreshToken] AS [r] ON [t].[Id0] = [r].[ApplicationUserId]
LEFT JOIN (
    SELECT [s].[Id], [s].[CoachId], [s].[DurationInMonths], [s].[Name], [s].[price], [s0].[SubscribtionId], [s0].[FeatureId]
    FROM [Subscribtions] AS [s]
    LEFT JOIN [SubscribtionFeatures] AS [s0] ON [s].[Id] = [s0].[SubscribtionId]
) AS [t0] ON [t].[Id] = [t0].[CoachId]
ORDER BY [t].[OverallRating], [t].[Id], [t].[Id0], [r].[ApplicationUserId], [r].[Id], [t0].[Id], [t0].[SubscribtionId]"
[Error] 27-06 23:22:03 || HTTP "GET" "/api/coaches" responded 404 in 338.5611 ms
[Information] 27-06 23:22:09 || Executed DbCommand ("2"ms) [Parameters=[""], CommandType='Text', CommandTimeout='30']"
""SELECT COUNT(*)
FROM [Coaches] AS [c]"
[Warning] 27-06 23:22:09 || Compiling a query which loads related collections for more than one collection navigation, either via 'Include' or through projection, but no 'QuerySplittingBehavior' has been configured. By default, Entity Framework will use 'QuerySplittingBehavior.SingleQuery', which can potentially result in slow query performance. See https://go.microsoft.com/fwlink/?linkid=2134277 for more information. To identify the query that's triggering this warning call 'ConfigureWarnings(w => w.Throw(RelationalEventId.MultipleCollectionIncludeWarning))'.
[Information] 27-06 23:22:09 || Executed DbCommand ("16"ms) [Parameters=["@__p_0='0', @__p_1='5'"], CommandType='Text', CommandTimeout='30']"
""SELECT [t].[Id], [t].[ApplicationUserId], [t].[Certificate], [t].[IsApproved], [t].[IsSuspended], [t].[OverallRating], [t].[RatingsCount], [a].[Id], [a].[AccessFailedCount], [a].[Bio], [a].[ConcurrencyStamp], [a].[CreatedAt], [a].[DateOfBirth], [a].[Email], [a].[EmailConfirmed], [a].[FirstName], [a].[Gender], [a].[IsActive], [a].[LastName], [a].[LockoutEnabled], [a].[LockoutEnd], [a].[NormalizedEmail], [a].[NormalizedUserName], [a].[PasswordHash], [a].[PhoneNumber], [a].[PhoneNumberConfirmed], [a].[ProfilePicture], [a].[SecurityStamp], [a].[TwoFactorEnabled], [a].[UserName], [r].[ApplicationUserId], [r].[Id], [r].[CreatedOn], [r].[ExpiresOn], [r].[RevokedOn], [r].[Token], [t0].[Id], [t0].[CoachId], [t0].[DurationInMonths], [t0].[Name], [t0].[price], [t0].[SubscribtionId], [t0].[FeatureId]
FROM (
    SELECT [c].[Id], [c].[ApplicationUserId], [c].[Certificate], [c].[IsApproved], [c].[IsSuspended], [c].[OverallRating], [c].[RatingsCount]
    FROM [Coaches] AS [c]
    ORDER BY [c].[OverallRating]
    OFFSET @__p_0 ROWS FETCH NEXT @__p_1 ROWS ONLY
) AS [t]
INNER JOIN [AspNetUsers] AS [a] ON [t].[ApplicationUserId] = [a].[Id]
LEFT JOIN [RefreshToken] AS [r] ON [a].[Id] = [r].[ApplicationUserId]
LEFT JOIN (
    SELECT [s].[Id], [s].[CoachId], [s].[DurationInMonths], [s].[Name], [s].[price], [s0].[SubscribtionId], [s0].[FeatureId]
    FROM [Subscribtions] AS [s]
    LEFT JOIN [SubscribtionFeatures] AS [s0] ON [s].[Id] = [s0].[SubscribtionId]
) AS [t0] ON [t].[Id] = [t0].[CoachId]
ORDER BY [t].[OverallRating], [t].[Id], [a].[Id], [r].[ApplicationUserId], [r].[Id], [t0].[Id], [t0].[SubscribtionId]"
[Information] 27-06 23:22:09 || HTTP "GET" "/api/coaches" responded 200 in 190.8392 ms
[Information] 27-06 23:22:13 || Executed DbCommand ("1"ms) [Parameters=["@__SearchCritrea_0_contains='%c%' (Size = 100), @__SearchCritrea_0_contains_1='%c%' (Size = 256)"], CommandType='Text', CommandTimeout='30']"
""SELECT COUNT(*)
FROM [Coaches] AS [c]
INNER JOIN [AspNetUsers] AS [a] ON [c].[ApplicationUserId] = [a].[Id]
WHERE [a].[FirstName] LIKE @__SearchCritrea_0_contains ESCAPE N'\' OR [a].[FirstName] LIKE @__SearchCritrea_0_contains ESCAPE N'\' OR [a].[UserName] LIKE @__SearchCritrea_0_contains_1 ESCAPE N'\' OR [a].[Email] LIKE @__SearchCritrea_0_contains_1 ESCAPE N'\'"
[Information] 27-06 23:22:13 || Executed DbCommand ("1"ms) [Parameters=["@__SearchCritrea_0_contains='%c%' (Size = 100), @__SearchCritrea_0_contains_1='%c%' (Size = 256), @__p_2='0', @__p_3='5'"], CommandType='Text', CommandTimeout='30']"
""SELECT [t].[Id], [t].[ApplicationUserId], [t].[Certificate], [t].[IsApproved], [t].[IsSuspended], [t].[OverallRating], [t].[RatingsCount], [t].[Id0], [t].[AccessFailedCount], [t].[Bio], [t].[ConcurrencyStamp], [t].[CreatedAt], [t].[DateOfBirth], [t].[Email], [t].[EmailConfirmed], [t].[FirstName], [t].[Gender], [t].[IsActive], [t].[LastName], [t].[LockoutEnabled], [t].[LockoutEnd], [t].[NormalizedEmail], [t].[NormalizedUserName], [t].[PasswordHash], [t].[PhoneNumber], [t].[PhoneNumberConfirmed], [t].[ProfilePicture], [t].[SecurityStamp], [t].[TwoFactorEnabled], [t].[UserName], [r].[ApplicationUserId], [r].[Id], [r].[CreatedOn], [r].[ExpiresOn], [r].[RevokedOn], [r].[Token], [t0].[Id], [t0].[CoachId], [t0].[DurationInMonths], [t0].[Name], [t0].[price], [t0].[SubscribtionId], [t0].[FeatureId]
FROM (
    SELECT [c].[Id], [c].[ApplicationUserId], [c].[Certificate], [c].[IsApproved], [c].[IsSuspended], [c].[OverallRating], [c].[RatingsCount], [a].[Id] AS [Id0], [a].[AccessFailedCount], [a].[Bio], [a].[ConcurrencyStamp], [a].[CreatedAt], [a].[DateOfBirth], [a].[Email], [a].[EmailConfirmed], [a].[FirstName], [a].[Gender], [a].[IsActive], [a].[LastName], [a].[LockoutEnabled], [a].[LockoutEnd], [a].[NormalizedEmail], [a].[NormalizedUserName], [a].[PasswordHash], [a].[PhoneNumber], [a].[PhoneNumberConfirmed], [a].[ProfilePicture], [a].[SecurityStamp], [a].[TwoFactorEnabled], [a].[UserName]
    FROM [Coaches] AS [c]
    INNER JOIN [AspNetUsers] AS [a] ON [c].[ApplicationUserId] = [a].[Id]
    WHERE [a].[FirstName] LIKE @__SearchCritrea_0_contains ESCAPE N'\' OR [a].[FirstName] LIKE @__SearchCritrea_0_contains ESCAPE N'\' OR [a].[UserName] LIKE @__SearchCritrea_0_contains_1 ESCAPE N'\' OR [a].[Email] LIKE @__SearchCritrea_0_contains_1 ESCAPE N'\'
    ORDER BY [c].[OverallRating]
    OFFSET @__p_2 ROWS FETCH NEXT @__p_3 ROWS ONLY
) AS [t]
LEFT JOIN [RefreshToken] AS [r] ON [t].[Id0] = [r].[ApplicationUserId]
LEFT JOIN (
    SELECT [s].[Id], [s].[CoachId], [s].[DurationInMonths], [s].[Name], [s].[price], [s0].[SubscribtionId], [s0].[FeatureId]
    FROM [Subscribtions] AS [s]
    LEFT JOIN [SubscribtionFeatures] AS [s0] ON [s].[Id] = [s0].[SubscribtionId]
) AS [t0] ON [t].[Id] = [t0].[CoachId]
ORDER BY [t].[OverallRating], [t].[Id], [t].[Id0], [r].[ApplicationUserId], [r].[Id], [t0].[Id], [t0].[SubscribtionId]"
[Information] 27-06 23:22:13 || HTTP "GET" "/api/coaches" responded 200 in 15.3883 ms
[Warning] 27-06 23:22:18 || Stopping the server due to DomainUnload or ProcessExit event...
[Information] 27-06 23:22:18 || Server laptop-q547jk4h:45376:44489262 caught stopping signal...
[Information] 27-06 23:22:18 || Server laptop-q547jk4h:45376:44489262 caught stopped signal...
[Warning] 27-06 23:22:18 || Server laptop-q547jk4h:45376:44489262 caught shutdown signal...
[Warning] 27-06 23:22:18 || Server laptop-q547jk4h:45376:44489262 stopped non-gracefully due to ServerWatchdog, ServerJobCancellationWatcher, ExpirationManager, CountersAggregator, SqlServerHeartbeatProcess, Worker, DelayedJobScheduler, RecurringJobScheduler. Outstanding work on those dispatchers could be aborted, and there can be delays in background processing. This server instance will be incorrectly shown as active for a while. To avoid non-graceful shutdowns, investigate what prevents from stopping gracefully and add CancellationToken support for those methods.
[Information] 27-06 23:22:18 || Server laptop-q547jk4h:45376:44489262 successfully reported itself as stopped in 20.6243 ms
[Information] 27-06 23:22:18 || Server laptop-q547jk4h:45376:44489262 has been stopped in total 22.1117 ms
[Warning] 27-06 23:25:10 || Sensitive data logging is enabled. Log entries and exception messages may include sensitive application data; this mode should only be enabled during development.
[Warning] 27-06 23:25:10 || No store type was specified for the decimal property '"OverallRating"' on entity type '"Coach"'. This will cause values to be silently truncated if they do not fit in the default precision and scale. Explicitly specify the SQL server column type that can accommodate all the values in 'OnModelCreating' using 'HasColumnType', specify precision and scale using 'HasPrecision', or configure a value converter using 'HasConversion'.
[Information] 27-06 23:25:10 || Executed DbCommand ("1"ms) [Parameters=[""], CommandType='Text', CommandTimeout='30']"
""SELECT 1"
[Information] 27-06 23:25:10 || Executed DbCommand ("2"ms) [Parameters=[""], CommandType='Text', CommandTimeout='30']"
""SELECT OBJECT_ID(N'[__EFMigrationsHistory]');"
[Information] 27-06 23:25:10 || Executed DbCommand ("2"ms) [Parameters=[""], CommandType='Text', CommandTimeout='30']"
""SELECT [MigrationId], [ProductVersion]
FROM [__EFMigrationsHistory]
ORDER BY [MigrationId];"
[Information] 27-06 23:25:10 || Executed DbCommand ("6"ms) [Parameters=[""], CommandType='Text', CommandTimeout='30']"
""SELECT 1"
[Information] 27-06 23:25:10 || Executed DbCommand ("3"ms) [Parameters=[""], CommandType='Text', CommandTimeout='30']"
""SELECT CASE
    WHEN EXISTS (
        SELECT 1
        FROM [AspNetRoles] AS [a]) THEN CAST(1 AS bit)
    ELSE CAST(0 AS bit)
END"
[Information] 27-06 23:25:10 || Executed DbCommand ("3"ms) [Parameters=[""], CommandType='Text', CommandTimeout='30']"
""SELECT CASE
    WHEN EXISTS (
        SELECT 1
        FROM [AspNetUsers] AS [a]) THEN CAST(1 AS bit)
    ELSE CAST(0 AS bit)
END"
[Information] 27-06 23:25:10 || Executed DbCommand ("3"ms) [Parameters=[""], CommandType='Text', CommandTimeout='30']"
""SELECT CASE
    WHEN EXISTS (
        SELECT 1
        FROM [Features] AS [f]) THEN CAST(1 AS bit)
    ELSE CAST(0 AS bit)
END"
[Information] 27-06 23:25:10 || Start installing Hangfire SQL objects...
[Information] 27-06 23:25:10 || Hangfire SQL objects installed.
[Information] 27-06 23:25:10 || Starting Hangfire Server using job storage: 'SQL Server: .@AthleteHubDb'
[Information] 27-06 23:25:10 || Using the following options for SQL Server job storage: Queue poll interval: 08:00:00.
[Information] 27-06 23:25:10 || Using the following options for Hangfire Server:
    Worker count: 20
    Listening queues: 'default'
    Shutdown timeout: 00:00:15
    Schedule polling interval: 00:00:15
[Information] 27-06 23:25:10 || Server laptop-q547jk4h:37316:ff69ce9b successfully announced in 12.7467 ms
[Information] 27-06 23:25:10 || Server laptop-q547jk4h:37316:ff69ce9b is starting the registered dispatchers: ServerWatchdog, ServerJobCancellationWatcher, ExpirationManager, CountersAggregator, SqlServerHeartbeatProcess, Worker, DelayedJobScheduler, RecurringJobScheduler...
[Information] 27-06 23:25:10 || Server laptop-q547jk4h:37316:ff69ce9b all the dispatchers started
[Information] 27-06 23:25:10 || 1 servers were removed due to timeout
[Warning] 27-06 23:27:48 || Sensitive data logging is enabled. Log entries and exception messages may include sensitive application data; this mode should only be enabled during development.
[Warning] 27-06 23:27:48 || No store type was specified for the decimal property '"OverallRating"' on entity type '"Coach"'. This will cause values to be silently truncated if they do not fit in the default precision and scale. Explicitly specify the SQL server column type that can accommodate all the values in 'OnModelCreating' using 'HasColumnType', specify precision and scale using 'HasPrecision', or configure a value converter using 'HasConversion'.
[Information] 27-06 23:27:48 || Executed DbCommand ("1"ms) [Parameters=[""], CommandType='Text', CommandTimeout='30']"
""SELECT 1"
[Information] 27-06 23:27:48 || Executed DbCommand ("5"ms) [Parameters=[""], CommandType='Text', CommandTimeout='30']"
""SELECT OBJECT_ID(N'[__EFMigrationsHistory]');"
[Information] 27-06 23:27:48 || Executed DbCommand ("5"ms) [Parameters=[""], CommandType='Text', CommandTimeout='30']"
""SELECT [MigrationId], [ProductVersion]
FROM [__EFMigrationsHistory]
ORDER BY [MigrationId];"
[Information] 27-06 23:27:48 || Executed DbCommand ("6"ms) [Parameters=[""], CommandType='Text', CommandTimeout='30']"
""SELECT 1"
[Information] 27-06 23:27:48 || Executed DbCommand ("6"ms) [Parameters=[""], CommandType='Text', CommandTimeout='30']"
""SELECT CASE
    WHEN EXISTS (
        SELECT 1
        FROM [AspNetRoles] AS [a]) THEN CAST(1 AS bit)
    ELSE CAST(0 AS bit)
END"
[Information] 27-06 23:27:48 || Executed DbCommand ("6"ms) [Parameters=[""], CommandType='Text', CommandTimeout='30']"
""SELECT CASE
    WHEN EXISTS (
        SELECT 1
        FROM [AspNetUsers] AS [a]) THEN CAST(1 AS bit)
    ELSE CAST(0 AS bit)
END"
[Information] 27-06 23:27:48 || Executed DbCommand ("5"ms) [Parameters=[""], CommandType='Text', CommandTimeout='30']"
""SELECT CASE
    WHEN EXISTS (
        SELECT 1
        FROM [Features] AS [f]) THEN CAST(1 AS bit)
    ELSE CAST(0 AS bit)
END"
[Information] 27-06 23:27:48 || Start installing Hangfire SQL objects...
[Information] 27-06 23:27:49 || Hangfire SQL objects installed.
[Information] 27-06 23:27:49 || Starting Hangfire Server using job storage: 'SQL Server: .@AthleteHubDb'
[Information] 27-06 23:27:49 || Using the following options for SQL Server job storage: Queue poll interval: 08:00:00.
[Information] 27-06 23:27:49 || Using the following options for Hangfire Server:
    Worker count: 20
    Listening queues: 'default'
    Shutdown timeout: 00:00:15
    Schedule polling interval: 00:00:15
[Information] 27-06 23:27:49 || Server laptop-q547jk4h:38176:aefaf8cd successfully announced in 19.0732 ms
[Information] 27-06 23:27:49 || Server laptop-q547jk4h:38176:aefaf8cd is starting the registered dispatchers: ServerWatchdog, ServerJobCancellationWatcher, ExpirationManager, CountersAggregator, SqlServerHeartbeatProcess, Worker, DelayedJobScheduler, RecurringJobScheduler...
[Information] 27-06 23:27:49 || Server laptop-q547jk4h:38176:aefaf8cd all the dispatchers started
[Warning] 27-06 23:28:06 || Stopping the server due to DomainUnload or ProcessExit event...
[Information] 27-06 23:28:06 || Server laptop-q547jk4h:38176:aefaf8cd caught stopping signal...
[Information] 27-06 23:28:06 || Server laptop-q547jk4h:38176:aefaf8cd caught stopped signal...
[Warning] 27-06 23:28:06 || Server laptop-q547jk4h:38176:aefaf8cd caught shutdown signal...
[Warning] 27-06 23:28:06 || Server laptop-q547jk4h:38176:aefaf8cd stopped non-gracefully due to ServerWatchdog, ServerJobCancellationWatcher, ExpirationManager, CountersAggregator, SqlServerHeartbeatProcess, Worker, DelayedJobScheduler, RecurringJobScheduler. Outstanding work on those dispatchers could be aborted, and there can be delays in background processing. This server instance will be incorrectly shown as active for a while. To avoid non-graceful shutdowns, investigate what prevents from stopping gracefully and add CancellationToken support for those methods.
[Information] 27-06 23:28:06 || Server laptop-q547jk4h:38176:aefaf8cd successfully reported itself as stopped in 11.9667 ms
[Information] 27-06 23:28:06 || Server laptop-q547jk4h:38176:aefaf8cd has been stopped in total 14.1013 ms
[Warning] 27-06 23:28:09 || Sensitive data logging is enabled. Log entries and exception messages may include sensitive application data; this mode should only be enabled during development.
[Warning] 27-06 23:28:09 || No store type was specified for the decimal property '"OverallRating"' on entity type '"Coach"'. This will cause values to be silently truncated if they do not fit in the default precision and scale. Explicitly specify the SQL server column type that can accommodate all the values in 'OnModelCreating' using 'HasColumnType', specify precision and scale using 'HasPrecision', or configure a value converter using 'HasConversion'.
[Information] 27-06 23:28:09 || Executed DbCommand ("1"ms) [Parameters=[""], CommandType='Text', CommandTimeout='30']"
""SELECT 1"
[Information] 27-06 23:28:09 || Executed DbCommand ("1"ms) [Parameters=[""], CommandType='Text', CommandTimeout='30']"
""SELECT OBJECT_ID(N'[__EFMigrationsHistory]');"
[Information] 27-06 23:28:09 || Executed DbCommand ("2"ms) [Parameters=[""], CommandType='Text', CommandTimeout='30']"
""SELECT [MigrationId], [ProductVersion]
FROM [__EFMigrationsHistory]
ORDER BY [MigrationId];"
[Information] 27-06 23:28:09 || Executed DbCommand ("6"ms) [Parameters=[""], CommandType='Text', CommandTimeout='30']"
""SELECT 1"
[Information] 27-06 23:28:09 || Executed DbCommand ("5"ms) [Parameters=[""], CommandType='Text', CommandTimeout='30']"
""SELECT CASE
    WHEN EXISTS (
        SELECT 1
        FROM [AspNetRoles] AS [a]) THEN CAST(1 AS bit)
    ELSE CAST(0 AS bit)
END"
[Information] 27-06 23:28:09 || Executed DbCommand ("4"ms) [Parameters=[""], CommandType='Text', CommandTimeout='30']"
""SELECT CASE
    WHEN EXISTS (
        SELECT 1
        FROM [AspNetUsers] AS [a]) THEN CAST(1 AS bit)
    ELSE CAST(0 AS bit)
END"
[Information] 27-06 23:28:09 || Executed DbCommand ("5"ms) [Parameters=[""], CommandType='Text', CommandTimeout='30']"
""SELECT CASE
    WHEN EXISTS (
        SELECT 1
        FROM [Features] AS [f]) THEN CAST(1 AS bit)
    ELSE CAST(0 AS bit)
END"
[Information] 27-06 23:28:09 || Start installing Hangfire SQL objects...
[Information] 27-06 23:28:09 || Hangfire SQL objects installed.
[Information] 27-06 23:28:09 || Starting Hangfire Server using job storage: 'SQL Server: .@AthleteHubDb'
[Information] 27-06 23:28:09 || Using the following options for SQL Server job storage: Queue poll interval: 08:00:00.
[Information] 27-06 23:28:09 || Using the following options for Hangfire Server:
    Worker count: 20
    Listening queues: 'default'
    Shutdown timeout: 00:00:15
    Schedule polling interval: 00:00:15
[Information] 27-06 23:28:09 || Server laptop-q547jk4h:3748:93a952c7 successfully announced in 32.4321 ms
[Information] 27-06 23:28:09 || Server laptop-q547jk4h:3748:93a952c7 is starting the registered dispatchers: ServerWatchdog, ServerJobCancellationWatcher, ExpirationManager, CountersAggregator, SqlServerHeartbeatProcess, Worker, DelayedJobScheduler, RecurringJobScheduler...
[Information] 27-06 23:28:09 || Server laptop-q547jk4h:3748:93a952c7 all the dispatchers started
[Warning] 27-06 23:28:21 || Failed to determine the https port for redirect.
[Information] 27-06 23:28:22 || Executed DbCommand ("8"ms) [Parameters=[""], CommandType='Text', CommandTimeout='30']"
""SELECT COUNT(*)
FROM [Athletes] AS [a]"
[Warning] 27-06 23:28:22 || The query uses a row limiting operator ('Skip'/'Take') without an 'OrderBy' operator. This may lead to unpredictable results. If the 'Distinct' operator is used after 'OrderBy', then make sure to use the 'OrderBy' operator after 'Distinct' as the ordering would otherwise get erased.
[Warning] 27-06 23:28:22 || The query uses a row limiting operator ('Skip'/'Take') without an 'OrderBy' operator. This may lead to unpredictable results. If the 'Distinct' operator is used after 'OrderBy', then make sure to use the 'OrderBy' operator after 'Distinct' as the ordering would otherwise get erased.
[Information] 27-06 23:28:22 || Executed DbCommand ("9"ms) [Parameters=["@__p_0='0', @__p_1='5'"], CommandType='Text', CommandTimeout='30']"
""SELECT [t].[Id], [t].[ApplicationUserId], [t].[HeightInCm], [a0].[Id], [a0].[AccessFailedCount], [a0].[Bio], [a0].[ConcurrencyStamp], [a0].[CreatedAt], [a0].[DateOfBirth], [a0].[Email], [a0].[EmailConfirmed], [a0].[FirstName], [a0].[Gender], [a0].[IsActive], [a0].[LastName], [a0].[LockoutEnabled], [a0].[LockoutEnd], [a0].[NormalizedEmail], [a0].[NormalizedUserName], [a0].[PasswordHash], [a0].[PhoneNumber], [a0].[PhoneNumberConfirmed], [a0].[ProfilePicture], [a0].[SecurityStamp], [a0].[TwoFactorEnabled], [a0].[UserName], [r].[ApplicationUserId], [r].[Id], [r].[CreatedOn], [r].[ExpiresOn], [r].[RevokedOn], [r].[Token]
FROM (
    SELECT [a].[Id], [a].[ApplicationUserId], [a].[HeightInCm]
    FROM [Athletes] AS [a]
    ORDER BY (SELECT 1)
    OFFSET @__p_0 ROWS FETCH NEXT @__p_1 ROWS ONLY
) AS [t]
INNER JOIN [AspNetUsers] AS [a0] ON [t].[ApplicationUserId] = [a0].[Id]
LEFT JOIN [RefreshToken] AS [r] ON [a0].[Id] = [r].[ApplicationUserId]
ORDER BY [t].[Id], [a0].[Id], [r].[ApplicationUserId]"
[Information] 27-06 23:28:22 || HTTP "GET" "/api/athletes" responded 200 in 426.1678 ms
[Information] 27-06 23:28:46 || Executed DbCommand ("11"ms) [Parameters=["@__SearchCritrea_0_contains='%fgfg%' (Size = 100), @__SearchCritrea_0_contains_1='%fgfg%' (Size = 256)"], CommandType='Text', CommandTimeout='30']"
""SELECT COUNT(*)
FROM [Athletes] AS [a]
INNER JOIN [AspNetUsers] AS [a0] ON [a].[ApplicationUserId] = [a0].[Id]
WHERE [a0].[FirstName] LIKE @__SearchCritrea_0_contains ESCAPE N'\' OR [a0].[FirstName] LIKE @__SearchCritrea_0_contains ESCAPE N'\' OR [a0].[UserName] LIKE @__SearchCritrea_0_contains_1 ESCAPE N'\' OR [a0].[Email] LIKE @__SearchCritrea_0_contains_1 ESCAPE N'\'"
[Warning] 27-06 23:28:46 || The query uses a row limiting operator ('Skip'/'Take') without an 'OrderBy' operator. This may lead to unpredictable results. If the 'Distinct' operator is used after 'OrderBy', then make sure to use the 'OrderBy' operator after 'Distinct' as the ordering would otherwise get erased.
[Warning] 27-06 23:28:46 || The query uses a row limiting operator ('Skip'/'Take') without an 'OrderBy' operator. This may lead to unpredictable results. If the 'Distinct' operator is used after 'OrderBy', then make sure to use the 'OrderBy' operator after 'Distinct' as the ordering would otherwise get erased.
[Information] 27-06 23:28:46 || Executed DbCommand ("13"ms) [Parameters=["@__SearchCritrea_0_contains='%fgfg%' (Size = 100), @__SearchCritrea_0_contains_1='%fgfg%' (Size = 256), @__p_1='0', @__p_2='5'"], CommandType='Text', CommandTimeout='30']"
""SELECT [t].[Id], [t].[ApplicationUserId], [t].[HeightInCm], [t].[Id0], [t].[AccessFailedCount], [t].[Bio], [t].[ConcurrencyStamp], [t].[CreatedAt], [t].[DateOfBirth], [t].[Email], [t].[EmailConfirmed], [t].[FirstName], [t].[Gender], [t].[IsActive], [t].[LastName], [t].[LockoutEnabled], [t].[LockoutEnd], [t].[NormalizedEmail], [t].[NormalizedUserName], [t].[PasswordHash], [t].[PhoneNumber], [t].[PhoneNumberConfirmed], [t].[ProfilePicture], [t].[SecurityStamp], [t].[TwoFactorEnabled], [t].[UserName], [r].[ApplicationUserId], [r].[Id], [r].[CreatedOn], [r].[ExpiresOn], [r].[RevokedOn], [r].[Token]
FROM (
    SELECT [a].[Id], [a].[ApplicationUserId], [a].[HeightInCm], [a0].[Id] AS [Id0], [a0].[AccessFailedCount], [a0].[Bio], [a0].[ConcurrencyStamp], [a0].[CreatedAt], [a0].[DateOfBirth], [a0].[Email], [a0].[EmailConfirmed], [a0].[FirstName], [a0].[Gender], [a0].[IsActive], [a0].[LastName], [a0].[LockoutEnabled], [a0].[LockoutEnd], [a0].[NormalizedEmail], [a0].[NormalizedUserName], [a0].[PasswordHash], [a0].[PhoneNumber], [a0].[PhoneNumberConfirmed], [a0].[ProfilePicture], [a0].[SecurityStamp], [a0].[TwoFactorEnabled], [a0].[UserName]
    FROM [Athletes] AS [a]
    INNER JOIN [AspNetUsers] AS [a0] ON [a].[ApplicationUserId] = [a0].[Id]
    WHERE [a0].[FirstName] LIKE @__SearchCritrea_0_contains ESCAPE N'\' OR [a0].[FirstName] LIKE @__SearchCritrea_0_contains ESCAPE N'\' OR [a0].[UserName] LIKE @__SearchCritrea_0_contains_1 ESCAPE N'\' OR [a0].[Email] LIKE @__SearchCritrea_0_contains_1 ESCAPE N'\'
    ORDER BY (SELECT 1)
    OFFSET @__p_1 ROWS FETCH NEXT @__p_2 ROWS ONLY
) AS [t]
LEFT JOIN [RefreshToken] AS [r] ON [t].[Id0] = [r].[ApplicationUserId]
ORDER BY [t].[Id], [t].[Id0], [r].[ApplicationUserId]"
[Information] 27-06 23:28:46 || HTTP "GET" "/api/athletes" responded 200 in 87.3925 ms
[Warning] 27-06 23:31:01 || Sensitive data logging is enabled. Log entries and exception messages may include sensitive application data; this mode should only be enabled during development.
[Warning] 27-06 23:31:01 || No store type was specified for the decimal property '"OverallRating"' on entity type '"Coach"'. This will cause values to be silently truncated if they do not fit in the default precision and scale. Explicitly specify the SQL server column type that can accommodate all the values in 'OnModelCreating' using 'HasColumnType', specify precision and scale using 'HasPrecision', or configure a value converter using 'HasConversion'.
[Information] 27-06 23:31:01 || Executed DbCommand ("1"ms) [Parameters=[""], CommandType='Text', CommandTimeout='30']"
""SELECT 1"
[Information] 27-06 23:31:01 || Executed DbCommand ("1"ms) [Parameters=[""], CommandType='Text', CommandTimeout='30']"
""SELECT OBJECT_ID(N'[__EFMigrationsHistory]');"
[Information] 27-06 23:31:01 || Executed DbCommand ("3"ms) [Parameters=[""], CommandType='Text', CommandTimeout='30']"
""SELECT [MigrationId], [ProductVersion]
FROM [__EFMigrationsHistory]
ORDER BY [MigrationId];"
[Information] 27-06 23:31:01 || Executed DbCommand ("5"ms) [Parameters=[""], CommandType='Text', CommandTimeout='30']"
""SELECT 1"
[Information] 27-06 23:31:01 || Executed DbCommand ("5"ms) [Parameters=[""], CommandType='Text', CommandTimeout='30']"
""SELECT CASE
    WHEN EXISTS (
        SELECT 1
        FROM [AspNetRoles] AS [a]) THEN CAST(1 AS bit)
    ELSE CAST(0 AS bit)
END"
[Information] 27-06 23:31:01 || Executed DbCommand ("5"ms) [Parameters=[""], CommandType='Text', CommandTimeout='30']"
""SELECT CASE
    WHEN EXISTS (
        SELECT 1
        FROM [AspNetUsers] AS [a]) THEN CAST(1 AS bit)
    ELSE CAST(0 AS bit)
END"
[Information] 27-06 23:31:01 || Executed DbCommand ("4"ms) [Parameters=[""], CommandType='Text', CommandTimeout='30']"
""SELECT CASE
    WHEN EXISTS (
        SELECT 1
        FROM [Features] AS [f]) THEN CAST(1 AS bit)
    ELSE CAST(0 AS bit)
END"
[Information] 27-06 23:31:01 || Start installing Hangfire SQL objects...
[Information] 27-06 23:31:01 || Hangfire SQL objects installed.
[Information] 27-06 23:31:02 || Starting Hangfire Server using job storage: 'SQL Server: .@AthleteHubDb'
[Information] 27-06 23:31:02 || Using the following options for SQL Server job storage: Queue poll interval: 08:00:00.
[Information] 27-06 23:31:02 || Using the following options for Hangfire Server:
    Worker count: 20
    Listening queues: 'default'
    Shutdown timeout: 00:00:15
    Schedule polling interval: 00:00:15
[Information] 27-06 23:31:02 || Server laptop-q547jk4h:28292:21c2d110 successfully announced in 12.8086 ms
[Information] 27-06 23:31:02 || Server laptop-q547jk4h:28292:21c2d110 is starting the registered dispatchers: ServerWatchdog, ServerJobCancellationWatcher, ExpirationManager, CountersAggregator, SqlServerHeartbeatProcess, Worker, DelayedJobScheduler, RecurringJobScheduler...
[Information] 27-06 23:31:02 || Server laptop-q547jk4h:28292:21c2d110 all the dispatchers started
[Warning] 27-06 23:31:09 || Failed to determine the https port for redirect.
[Error] 27-06 23:31:09 || HTTP "GET" "/api/athletes" responded 400 in 158.2350 ms
[Information] 27-06 23:31:24 || Executed DbCommand ("36"ms) [Parameters=["@__SearchCritrea_0_contains='%wdwdwd%' (Size = 100), @__SearchCritrea_0_contains_1='%wdwdwd%' (Size = 256)"], CommandType='Text', CommandTimeout='30']"
""SELECT COUNT(*)
FROM [Athletes] AS [a]
INNER JOIN [AspNetUsers] AS [a0] ON [a].[ApplicationUserId] = [a0].[Id]
WHERE [a0].[FirstName] LIKE @__SearchCritrea_0_contains ESCAPE N'\' OR [a0].[FirstName] LIKE @__SearchCritrea_0_contains ESCAPE N'\' OR [a0].[UserName] LIKE @__SearchCritrea_0_contains_1 ESCAPE N'\' OR [a0].[Email] LIKE @__SearchCritrea_0_contains_1 ESCAPE N'\'"
[Warning] 27-06 23:31:24 || The query uses a row limiting operator ('Skip'/'Take') without an 'OrderBy' operator. This may lead to unpredictable results. If the 'Distinct' operator is used after 'OrderBy', then make sure to use the 'OrderBy' operator after 'Distinct' as the ordering would otherwise get erased.
[Warning] 27-06 23:31:24 || The query uses a row limiting operator ('Skip'/'Take') without an 'OrderBy' operator. This may lead to unpredictable results. If the 'Distinct' operator is used after 'OrderBy', then make sure to use the 'OrderBy' operator after 'Distinct' as the ordering would otherwise get erased.
[Information] 27-06 23:31:24 || Executed DbCommand ("12"ms) [Parameters=["@__SearchCritrea_0_contains='%wdwdwd%' (Size = 100), @__SearchCritrea_0_contains_1='%wdwdwd%' (Size = 256), @__p_1='0', @__p_2='5'"], CommandType='Text', CommandTimeout='30']"
""SELECT [t].[Id], [t].[ApplicationUserId], [t].[HeightInCm], [t].[Id0], [t].[AccessFailedCount], [t].[Bio], [t].[ConcurrencyStamp], [t].[CreatedAt], [t].[DateOfBirth], [t].[Email], [t].[EmailConfirmed], [t].[FirstName], [t].[Gender], [t].[IsActive], [t].[LastName], [t].[LockoutEnabled], [t].[LockoutEnd], [t].[NormalizedEmail], [t].[NormalizedUserName], [t].[PasswordHash], [t].[PhoneNumber], [t].[PhoneNumberConfirmed], [t].[ProfilePicture], [t].[SecurityStamp], [t].[TwoFactorEnabled], [t].[UserName], [r].[ApplicationUserId], [r].[Id], [r].[CreatedOn], [r].[ExpiresOn], [r].[RevokedOn], [r].[Token]
FROM (
    SELECT [a].[Id], [a].[ApplicationUserId], [a].[HeightInCm], [a0].[Id] AS [Id0], [a0].[AccessFailedCount], [a0].[Bio], [a0].[ConcurrencyStamp], [a0].[CreatedAt], [a0].[DateOfBirth], [a0].[Email], [a0].[EmailConfirmed], [a0].[FirstName], [a0].[Gender], [a0].[IsActive], [a0].[LastName], [a0].[LockoutEnabled], [a0].[LockoutEnd], [a0].[NormalizedEmail], [a0].[NormalizedUserName], [a0].[PasswordHash], [a0].[PhoneNumber], [a0].[PhoneNumberConfirmed], [a0].[ProfilePicture], [a0].[SecurityStamp], [a0].[TwoFactorEnabled], [a0].[UserName]
    FROM [Athletes] AS [a]
    INNER JOIN [AspNetUsers] AS [a0] ON [a].[ApplicationUserId] = [a0].[Id]
    WHERE [a0].[FirstName] LIKE @__SearchCritrea_0_contains ESCAPE N'\' OR [a0].[FirstName] LIKE @__SearchCritrea_0_contains ESCAPE N'\' OR [a0].[UserName] LIKE @__SearchCritrea_0_contains_1 ESCAPE N'\' OR [a0].[Email] LIKE @__SearchCritrea_0_contains_1 ESCAPE N'\'
    ORDER BY (SELECT 1)
    OFFSET @__p_1 ROWS FETCH NEXT @__p_2 ROWS ONLY
) AS [t]
LEFT JOIN [RefreshToken] AS [r] ON [t].[Id0] = [r].[ApplicationUserId]
ORDER BY [t].[Id], [t].[Id0], [r].[ApplicationUserId]"
[Error] 27-06 23:31:24 || HTTP "GET" "/api/athletes" responded 404 in 446.4124 ms
[Information] 27-06 23:31:31 || Executed DbCommand ("2"ms) [Parameters=[""], CommandType='Text', CommandTimeout='30']"
""SELECT COUNT(*)
FROM [Athletes] AS [a]"
[Warning] 27-06 23:31:31 || The query uses a row limiting operator ('Skip'/'Take') without an 'OrderBy' operator. This may lead to unpredictable results. If the 'Distinct' operator is used after 'OrderBy', then make sure to use the 'OrderBy' operator after 'Distinct' as the ordering would otherwise get erased.
[Warning] 27-06 23:31:31 || The query uses a row limiting operator ('Skip'/'Take') without an 'OrderBy' operator. This may lead to unpredictable results. If the 'Distinct' operator is used after 'OrderBy', then make sure to use the 'OrderBy' operator after 'Distinct' as the ordering would otherwise get erased.
[Information] 27-06 23:31:31 || Executed DbCommand ("11"ms) [Parameters=["@__p_0='0', @__p_1='5'"], CommandType='Text', CommandTimeout='30']"
""SELECT [t].[Id], [t].[ApplicationUserId], [t].[HeightInCm], [a0].[Id], [a0].[AccessFailedCount], [a0].[Bio], [a0].[ConcurrencyStamp], [a0].[CreatedAt], [a0].[DateOfBirth], [a0].[Email], [a0].[EmailConfirmed], [a0].[FirstName], [a0].[Gender], [a0].[IsActive], [a0].[LastName], [a0].[LockoutEnabled], [a0].[LockoutEnd], [a0].[NormalizedEmail], [a0].[NormalizedUserName], [a0].[PasswordHash], [a0].[PhoneNumber], [a0].[PhoneNumberConfirmed], [a0].[ProfilePicture], [a0].[SecurityStamp], [a0].[TwoFactorEnabled], [a0].[UserName], [r].[ApplicationUserId], [r].[Id], [r].[CreatedOn], [r].[ExpiresOn], [r].[RevokedOn], [r].[Token]
FROM (
    SELECT [a].[Id], [a].[ApplicationUserId], [a].[HeightInCm]
    FROM [Athletes] AS [a]
    ORDER BY (SELECT 1)
    OFFSET @__p_0 ROWS FETCH NEXT @__p_1 ROWS ONLY
) AS [t]
INNER JOIN [AspNetUsers] AS [a0] ON [t].[ApplicationUserId] = [a0].[Id]
LEFT JOIN [RefreshToken] AS [r] ON [a0].[Id] = [r].[ApplicationUserId]
ORDER BY [t].[Id], [a0].[Id], [r].[ApplicationUserId]"
[Information] 27-06 23:31:31 || HTTP "GET" "/api/athletes" responded 200 in 309.7510 ms
[Information] 27-06 23:31:37 || Executed DbCommand ("4"ms) [Parameters=[""], CommandType='Text', CommandTimeout='30']"
""SELECT COUNT(*)
FROM [Athletes] AS [a]
INNER JOIN [AspNetUsers] AS [a0] ON [a].[ApplicationUserId] = [a0].[Id]
WHERE [a0].[Gender] = 0"
[Warning] 27-06 23:31:37 || The query uses a row limiting operator ('Skip'/'Take') without an 'OrderBy' operator. This may lead to unpredictable results. If the 'Distinct' operator is used after 'OrderBy', then make sure to use the 'OrderBy' operator after 'Distinct' as the ordering would otherwise get erased.
[Warning] 27-06 23:31:37 || The query uses a row limiting operator ('Skip'/'Take') without an 'OrderBy' operator. This may lead to unpredictable results. If the 'Distinct' operator is used after 'OrderBy', then make sure to use the 'OrderBy' operator after 'Distinct' as the ordering would otherwise get erased.
[Information] 27-06 23:31:37 || Executed DbCommand ("13"ms) [Parameters=["@__p_0='0', @__p_1='5'"], CommandType='Text', CommandTimeout='30']"
""SELECT [t].[Id], [t].[ApplicationUserId], [t].[HeightInCm], [t].[Id0], [t].[AccessFailedCount], [t].[Bio], [t].[ConcurrencyStamp], [t].[CreatedAt], [t].[DateOfBirth], [t].[Email], [t].[EmailConfirmed], [t].[FirstName], [t].[Gender], [t].[IsActive], [t].[LastName], [t].[LockoutEnabled], [t].[LockoutEnd], [t].[NormalizedEmail], [t].[NormalizedUserName], [t].[PasswordHash], [t].[PhoneNumber], [t].[PhoneNumberConfirmed], [t].[ProfilePicture], [t].[SecurityStamp], [t].[TwoFactorEnabled], [t].[UserName], [r].[ApplicationUserId], [r].[Id], [r].[CreatedOn], [r].[ExpiresOn], [r].[RevokedOn], [r].[Token]
FROM (
    SELECT [a].[Id], [a].[ApplicationUserId], [a].[HeightInCm], [a0].[Id] AS [Id0], [a0].[AccessFailedCount], [a0].[Bio], [a0].[ConcurrencyStamp], [a0].[CreatedAt], [a0].[DateOfBirth], [a0].[Email], [a0].[EmailConfirmed], [a0].[FirstName], [a0].[Gender], [a0].[IsActive], [a0].[LastName], [a0].[LockoutEnabled], [a0].[LockoutEnd], [a0].[NormalizedEmail], [a0].[NormalizedUserName], [a0].[PasswordHash], [a0].[PhoneNumber], [a0].[PhoneNumberConfirmed], [a0].[ProfilePicture], [a0].[SecurityStamp], [a0].[TwoFactorEnabled], [a0].[UserName]
    FROM [Athletes] AS [a]
    INNER JOIN [AspNetUsers] AS [a0] ON [a].[ApplicationUserId] = [a0].[Id]
    WHERE [a0].[Gender] = 0
    ORDER BY (SELECT 1)
    OFFSET @__p_0 ROWS FETCH NEXT @__p_1 ROWS ONLY
) AS [t]
LEFT JOIN [RefreshToken] AS [r] ON [t].[Id0] = [r].[ApplicationUserId]
ORDER BY [t].[Id], [t].[Id0], [r].[ApplicationUserId]"
[Information] 27-06 23:31:37 || HTTP "GET" "/api/athletes" responded 200 in 62.3041 ms
[Information] 27-06 23:31:41 || Executed DbCommand ("5"ms) [Parameters=[""], CommandType='Text', CommandTimeout='30']"
""SELECT COUNT(*)
FROM [Athletes] AS [a]
INNER JOIN [AspNetUsers] AS [a0] ON [a].[ApplicationUserId] = [a0].[Id]
WHERE [a0].[Gender] = 1"
[Warning] 27-06 23:31:41 || The query uses a row limiting operator ('Skip'/'Take') without an 'OrderBy' operator. This may lead to unpredictable results. If the 'Distinct' operator is used after 'OrderBy', then make sure to use the 'OrderBy' operator after 'Distinct' as the ordering would otherwise get erased.
[Warning] 27-06 23:31:41 || The query uses a row limiting operator ('Skip'/'Take') without an 'OrderBy' operator. This may lead to unpredictable results. If the 'Distinct' operator is used after 'OrderBy', then make sure to use the 'OrderBy' operator after 'Distinct' as the ordering would otherwise get erased.
[Information] 27-06 23:31:41 || Executed DbCommand ("10"ms) [Parameters=["@__p_0='0', @__p_1='5'"], CommandType='Text', CommandTimeout='30']"
""SELECT [t].[Id], [t].[ApplicationUserId], [t].[HeightInCm], [t].[Id0], [t].[AccessFailedCount], [t].[Bio], [t].[ConcurrencyStamp], [t].[CreatedAt], [t].[DateOfBirth], [t].[Email], [t].[EmailConfirmed], [t].[FirstName], [t].[Gender], [t].[IsActive], [t].[LastName], [t].[LockoutEnabled], [t].[LockoutEnd], [t].[NormalizedEmail], [t].[NormalizedUserName], [t].[PasswordHash], [t].[PhoneNumber], [t].[PhoneNumberConfirmed], [t].[ProfilePicture], [t].[SecurityStamp], [t].[TwoFactorEnabled], [t].[UserName], [r].[ApplicationUserId], [r].[Id], [r].[CreatedOn], [r].[ExpiresOn], [r].[RevokedOn], [r].[Token]
FROM (
    SELECT [a].[Id], [a].[ApplicationUserId], [a].[HeightInCm], [a0].[Id] AS [Id0], [a0].[AccessFailedCount], [a0].[Bio], [a0].[ConcurrencyStamp], [a0].[CreatedAt], [a0].[DateOfBirth], [a0].[Email], [a0].[EmailConfirmed], [a0].[FirstName], [a0].[Gender], [a0].[IsActive], [a0].[LastName], [a0].[LockoutEnabled], [a0].[LockoutEnd], [a0].[NormalizedEmail], [a0].[NormalizedUserName], [a0].[PasswordHash], [a0].[PhoneNumber], [a0].[PhoneNumberConfirmed], [a0].[ProfilePicture], [a0].[SecurityStamp], [a0].[TwoFactorEnabled], [a0].[UserName]
    FROM [Athletes] AS [a]
    INNER JOIN [AspNetUsers] AS [a0] ON [a].[ApplicationUserId] = [a0].[Id]
    WHERE [a0].[Gender] = 1
    ORDER BY (SELECT 1)
    OFFSET @__p_0 ROWS FETCH NEXT @__p_1 ROWS ONLY
) AS [t]
LEFT JOIN [RefreshToken] AS [r] ON [t].[Id0] = [r].[ApplicationUserId]
ORDER BY [t].[Id], [t].[Id0], [r].[ApplicationUserId]"
[Error] 27-06 23:31:41 || HTTP "GET" "/api/athletes" responded 404 in 35.9825 ms
[Information] 27-06 23:36:02 || 2 servers were removed due to timeout
[Warning] 27-06 23:44:02 || Sensitive data logging is enabled. Log entries and exception messages may include sensitive application data; this mode should only be enabled during development.
[Warning] 27-06 23:44:02 || No store type was specified for the decimal property '"OverallRating"' on entity type '"Coach"'. This will cause values to be silently truncated if they do not fit in the default precision and scale. Explicitly specify the SQL server column type that can accommodate all the values in 'OnModelCreating' using 'HasColumnType', specify precision and scale using 'HasPrecision', or configure a value converter using 'HasConversion'.
[Information] 27-06 23:44:02 || Executed DbCommand ("1"ms) [Parameters=[""], CommandType='Text', CommandTimeout='30']"
""SELECT 1"
[Information] 27-06 23:44:02 || Executed DbCommand ("3"ms) [Parameters=[""], CommandType='Text', CommandTimeout='30']"
""SELECT OBJECT_ID(N'[__EFMigrationsHistory]');"
[Information] 27-06 23:44:02 || Executed DbCommand ("1"ms) [Parameters=[""], CommandType='Text', CommandTimeout='30']"
""SELECT [MigrationId], [ProductVersion]
FROM [__EFMigrationsHistory]
ORDER BY [MigrationId];"
[Information] 27-06 23:44:02 || Executed DbCommand ("6"ms) [Parameters=[""], CommandType='Text', CommandTimeout='30']"
""SELECT 1"
[Information] 27-06 23:44:02 || Executed DbCommand ("4"ms) [Parameters=[""], CommandType='Text', CommandTimeout='30']"
""SELECT CASE
    WHEN EXISTS (
        SELECT 1
        FROM [AspNetRoles] AS [a]) THEN CAST(1 AS bit)
    ELSE CAST(0 AS bit)
END"
[Information] 27-06 23:44:02 || Executed DbCommand ("4"ms) [Parameters=[""], CommandType='Text', CommandTimeout='30']"
""SELECT CASE
    WHEN EXISTS (
        SELECT 1
        FROM [AspNetUsers] AS [a]) THEN CAST(1 AS bit)
    ELSE CAST(0 AS bit)
END"
[Information] 27-06 23:44:02 || Executed DbCommand ("3"ms) [Parameters=[""], CommandType='Text', CommandTimeout='30']"
""SELECT CASE
    WHEN EXISTS (
        SELECT 1
        FROM [Features] AS [f]) THEN CAST(1 AS bit)
    ELSE CAST(0 AS bit)
END"
[Information] 27-06 23:44:02 || Start installing Hangfire SQL objects...
[Information] 27-06 23:44:02 || Hangfire SQL objects installed.
[Information] 27-06 23:44:02 || Starting Hangfire Server using job storage: 'SQL Server: .@AthleteHubDb'
[Information] 27-06 23:44:02 || Using the following options for SQL Server job storage: Queue poll interval: 08:00:00.
[Information] 27-06 23:44:02 || Using the following options for Hangfire Server:
    Worker count: 20
    Listening queues: 'default'
    Shutdown timeout: 00:00:15
    Schedule polling interval: 00:00:15
[Information] 27-06 23:44:02 || Server laptop-q547jk4h:21780:5c9c3df3 successfully announced in 12.2144 ms
[Information] 27-06 23:44:02 || Server laptop-q547jk4h:21780:5c9c3df3 is starting the registered dispatchers: ServerWatchdog, ServerJobCancellationWatcher, ExpirationManager, CountersAggregator, SqlServerHeartbeatProcess, Worker, DelayedJobScheduler, RecurringJobScheduler...
[Information] 27-06 23:44:02 || Server laptop-q547jk4h:21780:5c9c3df3 all the dispatchers started
[Warning] 27-06 23:44:15 || Failed to determine the https port for redirect.
[Information] 27-06 23:44:15 || Executed DbCommand ("24"ms) [Parameters=[""], CommandType='Text', CommandTimeout='30']"
""SELECT COUNT(*)
FROM [Athletes] AS [a]"
[Warning] 27-06 23:44:15 || The query uses a row limiting operator ('Skip'/'Take') without an 'OrderBy' operator. This may lead to unpredictable results. If the 'Distinct' operator is used after 'OrderBy', then make sure to use the 'OrderBy' operator after 'Distinct' as the ordering would otherwise get erased.
[Warning] 27-06 23:44:15 || The query uses a row limiting operator ('Skip'/'Take') without an 'OrderBy' operator. This may lead to unpredictable results. If the 'Distinct' operator is used after 'OrderBy', then make sure to use the 'OrderBy' operator after 'Distinct' as the ordering would otherwise get erased.
[Information] 27-06 23:44:16 || Executed DbCommand ("23"ms) [Parameters=["@__p_0='0', @__p_1='5'"], CommandType='Text', CommandTimeout='30']"
""SELECT [t].[Id], [t].[ApplicationUserId], [t].[HeightInCm], [a0].[Id], [a0].[AccessFailedCount], [a0].[Bio], [a0].[ConcurrencyStamp], [a0].[CreatedAt], [a0].[DateOfBirth], [a0].[Email], [a0].[EmailConfirmed], [a0].[FirstName], [a0].[Gender], [a0].[IsActive], [a0].[LastName], [a0].[LockoutEnabled], [a0].[LockoutEnd], [a0].[NormalizedEmail], [a0].[NormalizedUserName], [a0].[PasswordHash], [a0].[PhoneNumber], [a0].[PhoneNumberConfirmed], [a0].[ProfilePicture], [a0].[SecurityStamp], [a0].[TwoFactorEnabled], [a0].[UserName], [r].[ApplicationUserId], [r].[Id], [r].[CreatedOn], [r].[ExpiresOn], [r].[RevokedOn], [r].[Token]
FROM (
    SELECT [a].[Id], [a].[ApplicationUserId], [a].[HeightInCm]
    FROM [Athletes] AS [a]
    ORDER BY (SELECT 1)
    OFFSET @__p_0 ROWS FETCH NEXT @__p_1 ROWS ONLY
) AS [t]
INNER JOIN [AspNetUsers] AS [a0] ON [t].[ApplicationUserId] = [a0].[Id]
LEFT JOIN [RefreshToken] AS [r] ON [a0].[Id] = [r].[ApplicationUserId]
ORDER BY [t].[Id], [a0].[Id], [r].[ApplicationUserId]"
[Information] 27-06 23:44:16 || HTTP "GET" "/api/athletes" responded 200 in 986.8886 ms
[Information] 27-06 23:44:28 || Executed DbCommand ("31"ms) [Parameters=["@__request_Id_0='1'"], CommandType='Text', CommandTimeout='30']"
""SELECT [t].[Id], [t].[ApplicationUserId], [t].[HeightInCm], [t].[Id0], [t].[AccessFailedCount], [t].[Bio], [t].[ConcurrencyStamp], [t].[CreatedAt], [t].[DateOfBirth], [t].[Email], [t].[EmailConfirmed], [t].[FirstName], [t].[Gender], [t].[IsActive], [t].[LastName], [t].[LockoutEnabled], [t].[LockoutEnd], [t].[NormalizedEmail], [t].[NormalizedUserName], [t].[PasswordHash], [t].[PhoneNumber], [t].[PhoneNumberConfirmed], [t].[ProfilePicture], [t].[SecurityStamp], [t].[TwoFactorEnabled], [t].[UserName], [r].[ApplicationUserId], [r].[Id], [r].[CreatedOn], [r].[ExpiresOn], [r].[RevokedOn], [r].[Token]
FROM (
    SELECT TOP(1) [a].[Id], [a].[ApplicationUserId], [a].[HeightInCm], [a0].[Id] AS [Id0], [a0].[AccessFailedCount], [a0].[Bio], [a0].[ConcurrencyStamp], [a0].[CreatedAt], [a0].[DateOfBirth], [a0].[Email], [a0].[EmailConfirmed], [a0].[FirstName], [a0].[Gender], [a0].[IsActive], [a0].[LastName], [a0].[LockoutEnabled], [a0].[LockoutEnd], [a0].[NormalizedEmail], [a0].[NormalizedUserName], [a0].[PasswordHash], [a0].[PhoneNumber], [a0].[PhoneNumberConfirmed], [a0].[ProfilePicture], [a0].[SecurityStamp], [a0].[TwoFactorEnabled], [a0].[UserName]
    FROM [Athletes] AS [a]
    INNER JOIN [AspNetUsers] AS [a0] ON [a].[ApplicationUserId] = [a0].[Id]
    WHERE [a].[Id] = @__request_Id_0
) AS [t]
LEFT JOIN [RefreshToken] AS [r] ON [t].[Id0] = [r].[ApplicationUserId]
ORDER BY [t].[Id], [t].[Id0], [r].[ApplicationUserId]"
[Information] 27-06 23:44:28 || HTTP "GET" "/api/athletes/1" responded 200 in 156.6612 ms
[Information] 27-06 23:44:37 || Executed DbCommand ("1"ms) [Parameters=["@__request_Id_0='2'"], CommandType='Text', CommandTimeout='30']"
""SELECT [t].[Id], [t].[ApplicationUserId], [t].[HeightInCm], [t].[Id0], [t].[AccessFailedCount], [t].[Bio], [t].[ConcurrencyStamp], [t].[CreatedAt], [t].[DateOfBirth], [t].[Email], [t].[EmailConfirmed], [t].[FirstName], [t].[Gender], [t].[IsActive], [t].[LastName], [t].[LockoutEnabled], [t].[LockoutEnd], [t].[NormalizedEmail], [t].[NormalizedUserName], [t].[PasswordHash], [t].[PhoneNumber], [t].[PhoneNumberConfirmed], [t].[ProfilePicture], [t].[SecurityStamp], [t].[TwoFactorEnabled], [t].[UserName], [r].[ApplicationUserId], [r].[Id], [r].[CreatedOn], [r].[ExpiresOn], [r].[RevokedOn], [r].[Token]
FROM (
    SELECT TOP(1) [a].[Id], [a].[ApplicationUserId], [a].[HeightInCm], [a0].[Id] AS [Id0], [a0].[AccessFailedCount], [a0].[Bio], [a0].[ConcurrencyStamp], [a0].[CreatedAt], [a0].[DateOfBirth], [a0].[Email], [a0].[EmailConfirmed], [a0].[FirstName], [a0].[Gender], [a0].[IsActive], [a0].[LastName], [a0].[LockoutEnabled], [a0].[LockoutEnd], [a0].[NormalizedEmail], [a0].[NormalizedUserName], [a0].[PasswordHash], [a0].[PhoneNumber], [a0].[PhoneNumberConfirmed], [a0].[ProfilePicture], [a0].[SecurityStamp], [a0].[TwoFactorEnabled], [a0].[UserName]
    FROM [Athletes] AS [a]
    INNER JOIN [AspNetUsers] AS [a0] ON [a].[ApplicationUserId] = [a0].[Id]
    WHERE [a].[Id] = @__request_Id_0
) AS [t]
LEFT JOIN [RefreshToken] AS [r] ON [t].[Id0] = [r].[ApplicationUserId]
ORDER BY [t].[Id], [t].[Id0], [r].[ApplicationUserId]"
[Information] 27-06 23:44:37 || HTTP "GET" "/api/athletes/2" responded 500 in 14.3115 ms
AthleteHub.Domain.Exceptions.NotFoundException: Athlete [2] doesn't exist
   at AthleteHub.Application.Athletes.Queries.FindAthleteById.FindAthleteByIdHandeler.Handle(FindAthleteByIDQuery request, CancellationToken cancellationToken) in C:\Users\mostafa\Desktop\WORK\ITI\GP(AthleteHub)\AthleteHub.Application\Athletes\Queries\FindAthleteById\FindAthleteByIDQueryHandler.cs:line 33
   at AthleteHub.Api.Controllers.AthleteController.GetAthleteById(Int32 id) in C:\Users\mostafa\Desktop\WORK\ITI\GP(AthleteHub)\AthleteHub.Api\Controllers\AthleteController.cs:line 42
   at Microsoft.AspNetCore.Mvc.Infrastructure.ActionMethodExecutor.TaskOfIActionResultExecutor.Execute(ActionContext actionContext, IActionResultTypeMapper mapper, ObjectMethodExecutor executor, Object controller, Object[] arguments)
   at Microsoft.AspNetCore.Mvc.Infrastructure.ControllerActionInvoker.<InvokeActionMethodAsync>g__Awaited|12_0(ControllerActionInvoker invoker, ValueTask`1 actionResultValueTask)
   at Microsoft.AspNetCore.Mvc.Infrastructure.ControllerActionInvoker.<InvokeNextActionFilterAsync>g__Awaited|10_0(ControllerActionInvoker invoker, Task lastTask, State next, Scope scope, Object state, Boolean isCompleted)
   at Microsoft.AspNetCore.Mvc.Infrastructure.ControllerActionInvoker.Rethrow(ActionExecutedContextSealed context)
   at Microsoft.AspNetCore.Mvc.Infrastructure.ControllerActionInvoker.Next(State& next, Scope& scope, Object& state, Boolean& isCompleted)
   at Microsoft.AspNetCore.Mvc.Infrastructure.ControllerActionInvoker.<InvokeInnerFilterAsync>g__Awaited|13_0(ControllerActionInvoker invoker, Task lastTask, State next, Scope scope, Object state, Boolean isCompleted)
   at Microsoft.AspNetCore.Mvc.Infrastructure.ResourceInvoker.<InvokeFilterPipelineAsync>g__Awaited|20_0(ResourceInvoker invoker, Task lastTask, State next, Scope scope, Object state, Boolean isCompleted)
   at Microsoft.AspNetCore.Mvc.Infrastructure.ResourceInvoker.<InvokeAsync>g__Awaited|17_0(ResourceInvoker invoker, Task task, IDisposable scope)
   at Microsoft.AspNetCore.Mvc.Infrastructure.ResourceInvoker.<InvokeAsync>g__Awaited|17_0(ResourceInvoker invoker, Task task, IDisposable scope)
   at Microsoft.AspNetCore.Authorization.AuthorizationMiddleware.Invoke(HttpContext context)
   at Microsoft.AspNetCore.Authentication.AuthenticationMiddleware.Invoke(HttpContext context)
   at Serilog.AspNetCore.RequestLoggingMiddleware.Invoke(HttpContext httpContext)
[Error] 27-06 23:44:37 || An unhandled exception has occurred while executing the request.
AthleteHub.Domain.Exceptions.NotFoundException: Athlete [2] doesn't exist
   at AthleteHub.Application.Athletes.Queries.FindAthleteById.FindAthleteByIdHandeler.Handle(FindAthleteByIDQuery request, CancellationToken cancellationToken) in C:\Users\mostafa\Desktop\WORK\ITI\GP(AthleteHub)\AthleteHub.Application\Athletes\Queries\FindAthleteById\FindAthleteByIDQueryHandler.cs:line 33
   at AthleteHub.Api.Controllers.AthleteController.GetAthleteById(Int32 id) in C:\Users\mostafa\Desktop\WORK\ITI\GP(AthleteHub)\AthleteHub.Api\Controllers\AthleteController.cs:line 42
   at Microsoft.AspNetCore.Mvc.Infrastructure.ActionMethodExecutor.TaskOfIActionResultExecutor.Execute(ActionContext actionContext, IActionResultTypeMapper mapper, ObjectMethodExecutor executor, Object controller, Object[] arguments)
   at Microsoft.AspNetCore.Mvc.Infrastructure.ControllerActionInvoker.<InvokeActionMethodAsync>g__Awaited|12_0(ControllerActionInvoker invoker, ValueTask`1 actionResultValueTask)
   at Microsoft.AspNetCore.Mvc.Infrastructure.ControllerActionInvoker.<InvokeNextActionFilterAsync>g__Awaited|10_0(ControllerActionInvoker invoker, Task lastTask, State next, Scope scope, Object state, Boolean isCompleted)
   at Microsoft.AspNetCore.Mvc.Infrastructure.ControllerActionInvoker.Rethrow(ActionExecutedContextSealed context)
   at Microsoft.AspNetCore.Mvc.Infrastructure.ControllerActionInvoker.Next(State& next, Scope& scope, Object& state, Boolean& isCompleted)
   at Microsoft.AspNetCore.Mvc.Infrastructure.ControllerActionInvoker.<InvokeInnerFilterAsync>g__Awaited|13_0(ControllerActionInvoker invoker, Task lastTask, State next, Scope scope, Object state, Boolean isCompleted)
   at Microsoft.AspNetCore.Mvc.Infrastructure.ResourceInvoker.<InvokeFilterPipelineAsync>g__Awaited|20_0(ResourceInvoker invoker, Task lastTask, State next, Scope scope, Object state, Boolean isCompleted)
   at Microsoft.AspNetCore.Mvc.Infrastructure.ResourceInvoker.<InvokeAsync>g__Awaited|17_0(ResourceInvoker invoker, Task task, IDisposable scope)
   at Microsoft.AspNetCore.Mvc.Infrastructure.ResourceInvoker.<InvokeAsync>g__Awaited|17_0(ResourceInvoker invoker, Task task, IDisposable scope)
   at Microsoft.AspNetCore.Authorization.AuthorizationMiddleware.Invoke(HttpContext context)
   at Microsoft.AspNetCore.Authentication.AuthenticationMiddleware.Invoke(HttpContext context)
   at Serilog.AspNetCore.RequestLoggingMiddleware.Invoke(HttpContext httpContext)
   at Swashbuckle.AspNetCore.SwaggerUI.SwaggerUIMiddleware.Invoke(HttpContext httpContext)
   at Swashbuckle.AspNetCore.Swagger.SwaggerMiddleware.Invoke(HttpContext httpContext, ISwaggerProvider swaggerProvider)
   at Microsoft.AspNetCore.Diagnostics.ExceptionHandlerMiddlewareImpl.<Invoke>g__Awaited|10_0(ExceptionHandlerMiddlewareImpl middleware, HttpContext context, Task task)
[Error] 27-06 23:44:37 || Athlete [2] doesn't exist
AthleteHub.Domain.Exceptions.NotFoundException: Athlete [2] doesn't exist
   at AthleteHub.Application.Athletes.Queries.FindAthleteById.FindAthleteByIdHandeler.Handle(FindAthleteByIDQuery request, CancellationToken cancellationToken) in C:\Users\mostafa\Desktop\WORK\ITI\GP(AthleteHub)\AthleteHub.Application\Athletes\Queries\FindAthleteById\FindAthleteByIDQueryHandler.cs:line 33
   at AthleteHub.Api.Controllers.AthleteController.GetAthleteById(Int32 id) in C:\Users\mostafa\Desktop\WORK\ITI\GP(AthleteHub)\AthleteHub.Api\Controllers\AthleteController.cs:line 42
   at Microsoft.AspNetCore.Mvc.Infrastructure.ActionMethodExecutor.TaskOfIActionResultExecutor.Execute(ActionContext actionContext, IActionResultTypeMapper mapper, ObjectMethodExecutor executor, Object controller, Object[] arguments)
   at Microsoft.AspNetCore.Mvc.Infrastructure.ControllerActionInvoker.<InvokeActionMethodAsync>g__Awaited|12_0(ControllerActionInvoker invoker, ValueTask`1 actionResultValueTask)
   at Microsoft.AspNetCore.Mvc.Infrastructure.ControllerActionInvoker.<InvokeNextActionFilterAsync>g__Awaited|10_0(ControllerActionInvoker invoker, Task lastTask, State next, Scope scope, Object state, Boolean isCompleted)
   at Microsoft.AspNetCore.Mvc.Infrastructure.ControllerActionInvoker.Rethrow(ActionExecutedContextSealed context)
   at Microsoft.AspNetCore.Mvc.Infrastructure.ControllerActionInvoker.Next(State& next, Scope& scope, Object& state, Boolean& isCompleted)
   at Microsoft.AspNetCore.Mvc.Infrastructure.ControllerActionInvoker.<InvokeInnerFilterAsync>g__Awaited|13_0(ControllerActionInvoker invoker, Task lastTask, State next, Scope scope, Object state, Boolean isCompleted)
   at Microsoft.AspNetCore.Mvc.Infrastructure.ResourceInvoker.<InvokeFilterPipelineAsync>g__Awaited|20_0(ResourceInvoker invoker, Task lastTask, State next, Scope scope, Object state, Boolean isCompleted)
   at Microsoft.AspNetCore.Mvc.Infrastructure.ResourceInvoker.<InvokeAsync>g__Awaited|17_0(ResourceInvoker invoker, Task task, IDisposable scope)
   at Microsoft.AspNetCore.Mvc.Infrastructure.ResourceInvoker.<InvokeAsync>g__Awaited|17_0(ResourceInvoker invoker, Task task, IDisposable scope)
   at Microsoft.AspNetCore.Authorization.AuthorizationMiddleware.Invoke(HttpContext context)
   at Microsoft.AspNetCore.Authentication.AuthenticationMiddleware.Invoke(HttpContext context)
   at Serilog.AspNetCore.RequestLoggingMiddleware.Invoke(HttpContext httpContext)
   at Swashbuckle.AspNetCore.SwaggerUI.SwaggerUIMiddleware.Invoke(HttpContext httpContext)
   at Swashbuckle.AspNetCore.Swagger.SwaggerMiddleware.Invoke(HttpContext httpContext, ISwaggerProvider swaggerProvider)
   at Microsoft.AspNetCore.Diagnostics.ExceptionHandlerMiddlewareImpl.<Invoke>g__Awaited|10_0(ExceptionHandlerMiddlewareImpl middleware, HttpContext context, Task task)
[Information] 27-06 23:49:02 || 1 servers were removed due to timeout
